#
# A fatal error has been detected by the Java Runtime Environment:
#
#  Internal Error (jvmciRuntime.cpp:1609), pid=28, tid=49
#  fatal error: Fatal exception in JVMCI: Error calling jdk.vm.ci.services.Services.serializeSavedProperties
#
# JRE version: OpenJDK Runtime Environment GraalVM CE 22.3.0 (17.0.5+8) (build 17.0.5+8-jvmci-22.3-b08)
# Java VM: OpenJDK 64-Bit Server VM GraalVM CE 22.3.0 (17.0.5+8-jvmci-22.3-b08, mixed mode, sharing, tiered, jvmci, jvmci compiler, compressed oops, compressed class ptrs, parallel gc, linux-amd64)
# Problematic frame:
# V  [libjvm.so+0x972714]  JVMCIRuntime::fatal_exception(JVMCIEnv*, char const*)+0x74
#
# Core dump will be written. Default location: Core dumps may be processed with "/usr/share/apport/apport -p%p -s%s -c%c -d%d -P%P -u%u -g%g -- %E" (or dumping to /home/runner/AdventurousUnnaturalMetadata-Shayan/core.28)
#
# If you would like to submit a bug report, please visit:
#   https://github.com/oracle/graal/issues
#

---------------  S U M M A R Y ------------

Command Line: -XX:ThreadPriorityPolicy=1 -XX:+UnlockExperimentalVMOptions -XX:+EnableJVMCIProduct -XX:JVMCIThreadsPerNativeLibraryRuntime=1 -XX:-UnlockExperimentalVMOptions -Declipse.application=org.eclipse.jdt.ls.core.id1 -Dosgi.bundles.defaultStartLevel=4 -Declipse.product=org.eclipse.jdt.ls.core.product -Dlog.level=ALL -Xverify:none -XX:+UseParallelGC -XX:GCTimeRatio=4 -XX:AdaptiveSizePolicyWeight=90 -Dsun.zip.disableMemoryMapping=true -Xmx512m -Xms100m /nix/store/a7s9klvriqi68xz3qjc0qyfl5h86xc16-jdt-language-server-1.9.0/share/java/plugins/org.eclipse.equinox.launcher_1.6.400.v20210924-0641.jar --add-modules=ALL-SYSTEM --add-opens java.base/java.util=ALL-UNNAMED --add-opens java.base/java.lang=ALL-UNNAMED -configuration /home/runner/.cache/jdt-language-server/config -data /home/runner/.cache/jdt-language-server/data/home/runner/AdventurousUnnaturalMetadata-Shayan

Host: Intel(R) Xeon(R) CPU @ 2.20GHz, 8 cores, 1G, Ubuntu 20.04.2 LTS
Time: Fri Oct 13 15:21:20 2023 UTC elapsed time: 1169.131782 seconds (0d 0h 19m 29s)

---------------  T H R E A D  ---------------

Current thread (0x00007fdaec0b1c40):  JavaThread "JVMCI-native CompilerThread0" daemon [_thread_in_vm, id=49, stack(0x00007fdad151a000,0x00007fdad171a000)]


Current CompileTask:
JVMCI-native:1169131 8620       4       java.util.concurrent.locks.AbstractQueuedSynchronizer$ConditionObject::signal (34 bytes)

Stack: [0x00007fdad151a000,0x00007fdad171a000],  sp=0x00007fdad1718380,  free space=2040k
Native frames: (J=compiled Java code, j=interpreted, Vv=VM code, C=native code)
V  [libjvm.so+0x972714]  JVMCIRuntime::fatal_exception(JVMCIEnv*, char const*)+0x74
V  [libjvm.so+0x93e2fe]  JVMCIEnv::copy_saved_properties()+0x14e
V  [libjvm.so+0x9732a9]  JVMCIRuntime::initialize(JVMCIEnv*)+0xb19
V  [libjvm.so+0x9738a2]  JVMCIRuntime::get_HotSpotJVMCIRuntime(JVMCIEnv*)+0x12
V  [libjvm.so+0x9749f2]  JVMCIRuntime::compile_method(JVMCIEnv*, JVMCICompiler*, methodHandle const&, int)+0xd2
V  [libjvm.so+0x5b0d20]  CompileBroker::invoke_compiler_on_method(CompileTask*)+0x1470
V  [libjvm.so+0x5b12e8]  CompileBroker::compiler_thread_loop()+0x528
V  [libjvm.so+0xd82460]  JavaThread::thread_main_inner()+0xd0
V  [libjvm.so+0xd85a40]  Thread::call_run()+0xc0
V  [libjvm.so+0xbdb1e1]  thread_native_entry(Thread*)+0xe1

Register to memory mapping:

RAX=0x00007fdaf11e8000 points into unknown readable memory: 0x0000000000000058 | 58 00 00 00 00 00 00 00
RBX=0x00007fdaf22e3398: <offset 0x0000000000ef5398> in /nix/store/gpxl5qgg8kicmcvivwmybwjlpf7wh20l-graalvm17-ce-22.3.0/lib/server/libjvm.so at 0x00007fdaf13ee000
RCX=0x00007fdaf229b1e8: <offset 0x0000000000ead1e8> in /nix/store/gpxl5qgg8kicmcvivwmybwjlpf7wh20l-graalvm17-ce-22.3.0/lib/server/libjvm.so at 0x00007fdaf13ee000
RDX=0x0000000000000649 is an unknown value
RSP=0x00007fdad1718380 is pointing into the stack for thread: 0x00007fdaec0b1c40
RBP=0x00007fdad17183a0 is pointing into the stack for thread: 0x00007fdaec0b1c40
RSI=0x00007fdaf22e3c48: <offset 0x0000000000ef5c48> in /nix/store/gpxl5qgg8kicmcvivwmybwjlpf7wh20l-graalvm17-ce-22.3.0/lib/server/libjvm.so at 0x00007fdaf13ee000
RDI=0x00000000e0000000 is an oop: java.lang.String 
{0x00000000e0000000} - klass: 'java/lang/String'
 - string: "resolution"
R8 =0x00007fdaf22e3398: <offset 0x0000000000ef5398> in /nix/store/gpxl5qgg8kicmcvivwmybwjlpf7wh20l-graalvm17-ce-22.3.0/lib/server/libjvm.so at 0x00007fdaf13ee000
R9 =0x00007fdad1718330 is pointing into the stack for thread: 0x00007fdaec0b1c40
R10=0x00007fdad1719948 is pointing into the stack for thread: 0x00007fdaec0b1c40
R11=0x0000000000000293 is an unknown value
R12=0x0 is NULL
R13=0x00007fdaec0b1c40 is a thread
R14=0x00007fdaec000b80 points into unknown readable memory: 0x00007fdaf2514a38 | 38 4a 51 f2 da 7f 00 00
R15=0x00007fdaf2622e40: <offset 0x0000000001234e40> in /nix/store/gpxl5qgg8kicmcvivwmybwjlpf7wh20l-graalvm17-ce-22.3.0/lib/server/libjvm.so at 0x00007fdaf13ee000


Registers:
RAX=0x00007fdaf11e8000, RBX=0x00007fdaf22e3398, RCX=0x00007fdaf229b1e8, RDX=0x0000000000000649
RSP=0x00007fdad1718380, RBP=0x00007fdad17183a0, RSI=0x00007fdaf22e3c48, RDI=0x00000000e0000000
R8 =0x00007fdaf22e3398, R9 =0x00007fdad1718330, R10=0x00007fdad1719948, R11=0x0000000000000293
R12=0x0000000000000000, R13=0x00007fdaec0b1c40, R14=0x00007fdaec000b80, R15=0x00007fdaf2622e40
RIP=0x00007fdaf1d60714, EFLAGS=0x0000000000010206, CSGSFS=0x002b000000000033, ERR=0x0000000000000006
  TRAPNO=0x000000000000000e

Top of Stack: (sp=0x00007fdad1718380)
0x00007fdad1718380:   00007fdad1718940 00007fdaec0b1c40
0x00007fdad1718390:   00007fdaf0b798c8 0000000800c417a0
0x00007fdad17183a0:   00007fdad1718500 00007fdaf1d2c2fe
0x00007fdad17183b0:   00007fdad17183e0 00007fdad1718440 

Instructions: (pc=0x00007fdaf1d60714)
0x00007fdaf1d60614:   30 e8 f6 cf e8 ff 4c 89 e7 e8 2e 48 d1 ff 84 db
0x00007fdaf1d60624:   75 2a 4d 85 ed 74 04 4d 8b 6d 00 48 83 c4 08 44
0x00007fdaf1d60634:   89 f9 4c 89 f2 4c 89 ee 5b 4c 89 e7 41 5c 41 5d
0x00007fdaf1d60644:   41 5e 41 5f 5d e9 e2 47 d1 ff 66 90 48 83 c4 08
0x00007fdaf1d60654:   5b 41 5c 41 5d 41 5e 41 5f 5d c3 90 31 d2 be 08
0x00007fdaf1d60664:   00 00 00 4c 89 ff e8 b1 78 a3 ff 49 89 c5 e9 37
0x00007fdaf1d60674:   ff ff ff 66 0f 1f 84 00 00 00 00 00 48 8b 7a 08
0x00007fdaf1d60684:   e9 6d ff ff ff 0f 1f 80 00 00 00 00 e8 5b 48 0a
0x00007fdaf1d60694:   00 84 c0 75 89 e9 6a ff ff ff 66 90 55 48 89 e5
0x00007fdaf1d606a4:   41 56 41 55 41 54 49 89 fc 53 48 89 f3 66 48 8d
0x00007fdaf1d606b4:   3d 27 5e 85 00 66 66 48 e8 df 43 8d ff 4c 8b 28
0x00007fdaf1d606c4:   8b 05 be 72 8a 00 85 c0 75 14 ba 01 00 00 00 48
0x00007fdaf1d606d4:   8d 0d ae 72 8a 00 f0 0f b1 11 85 c0 74 4e be c8
0x00007fdaf1d606e4:   00 00 00 4c 89 ef e8 01 0b 41 00 48 8d 05 12 ac
0x00007fdaf1d606f4:   85 00 49 89 d8 48 8d 0d e8 aa 53 00 ba 49 06 00
0x00007fdaf1d60704:   00 48 8d 35 3c 35 58 00 bf 00 00 00 e0 48 8b 00
0x00007fdaf1d60714:   c6 00 58 31 c0 e8 e2 91 c6 ff 5b 41 5c 41 5d 41
0x00007fdaf1d60724:   5e 5d e9 55 34 26 00 0f 1f 44 00 00 48 8d 05 81
0x00007fdaf1d60734:   a3 8b 00 48 89 df 4c 8b 30 e8 9e 43 8d ff 48 89
0x00007fdaf1d60744:   de 48 89 c2 49 8b 06 4c 89 f7 ff 50 08 4c 89 f7
0x00007fdaf1d60754:   e8 a7 5c 27 00 4d 85 e4 74 12 be 01 00 00 00 4c
0x00007fdaf1d60764:   89 e7 e8 35 43 fc ff eb 82 0f 1f 00 be 01 00 00
0x00007fdaf1d60774:   00 4c 89 ef e8 d3 fd ff ff e9 6d ff ff ff 66 66
0x00007fdaf1d60784:   2e 0f 1f 84 00 00 00 00 00 0f 1f 00 55 48 89 e5
0x00007fdaf1d60794:   41 57 41 56 41 55 41 54 53 48 81 ec 08 02 00 00
0x00007fdaf1d607a4:   64 48 8b 04 25 28 00 00 00 48 89 45 c8 8b 07 83
0x00007fdaf1d607b4:   f8 02 0f 84 11 04 00 00 4c 8b 6f 18 49 89 ff 49
0x00007fdaf1d607c4:   89 f4 4d 85 ed 74 14 4c 89 ef e8 5d 57 22 00 41
0x00007fdaf1d607d4:   8b 07 83 f8 02 0f 84 19 04 00 00 48 8d 1d 9a 06
0x00007fdaf1d607e4:   8a 00 4c 8d 35 0b 3c 58 00 eb 38 90 48 85 d2 7f
0x00007fdaf1d607f4:   0d 48 8d 05 b4 c0 85 00 48 83 38 00 7e 0e 41 8b
0x00007fdaf1d60804:   77 2c 4c 89 f7 31 c0 e8 a0 b2 f7 ff 49 8b 7f 18 


Stack slot to memory mapping:
stack at sp + 0 slots: 0x00007fdad1718940 is pointing into the stack for thread: 0x00007fdaec0b1c40
stack at sp + 1 slots: 0x00007fdaec0b1c40 is a thread
stack at sp + 2 slots: 0x00007fdaf0b798c8 points into unknown readable memory: 0x6573001880c9ffff | ff ff c9 80 18 00 73 65
stack at sp + 3 slots: 0x0000000800c417a0 is a pointer to class: 
jdk.vm.ci.services.Services {0x0000000800c417a0}
 - instance size:     2
 - klass size:        65
 - access:            public final synchronized 
 - state:             fully_initialized
 - name:              'jdk/vm/ci/services/Services'
 - super:             'java/lang/Object'
 - sub:               
 - arrays:            NULL
 - methods:           Array<T>(0x00007fdad1c41f20)
 - method ordering:   Array<T>(0x0000000800928960)
 - default_methods:   Array<T>(0x0000000000000000)
 - local interfaces:  Array<T>(0x00000008005ce810)
 - trans. interfaces: Array<T>(0x00000008005ce810)
 - constants:         constant pool [427] {0x00007fdad1c41000} for 'jdk/vm/ci/services/Services' cache=0x00007fdad1c431f0
 - class loader data:  loader data: 0x00007fdaec027ce0 of 'bootstrap'
 - source file:       'Services.java'
 - class annotations:       Array<T>(0x0000000000000000)
 - class type annotations:  Array<T>(0x0000000000000000)
 - field annotations:       Array<T>(0x0000000000000000)
 - field type annotations:  Array<T>(0x0000000000000000)
 - inner classes:     Array<T>(0x00007fdad1c431c0)
 - nest members:     Array<T>(0x00007fdad1c431e0)
 - permitted subclasses:     Array<T>(0x00000008005ce7a0)
 - java mirror:       a 'java/lang/Class'{0x00000000e0149168} = 'jdk/vm/ci/services/Services'
 - vtable length      5  (start addr: 0x0000000800c41970)
 - itable length      2 (start addr: 0x0000000800c41998)
 - ---- static fields (3 words):
 - public static final 'IS_BUILDING_NATIVE_IMAGE' 'Z' @128 
 - public static final 'IS_IN_NATIVE_IMAGE' 'Z' @129 
 - private static volatile 'savedProperties' 'Ljava/util/Map;' @112 
 - static final 'JVMCI_ENABLED' 'Z' @130 
 - private static final 'servicesCache' 'Ljava/util/Map;' @116 
 - private static final 'MAX_UNICODE_IN_UTF8_LENGTH' 'I' @120 
 - private static final 'MAX_UTF8_PROPERTY_STRING_LENGTH' 'I' @124 
 - ---- non-static fields (0 words):
 - non-static oop maps: 
stack at sp + 4 slots: 0x00007fdad1718500 is pointing into the stack for thread: 0x00007fdaec0b1c40
stack at sp + 5 slots: 0x00007fdaf1d2c2fe: <offset 0x000000000093e2fe> in /nix/store/gpxl5qgg8kicmcvivwmybwjlpf7wh20l-graalvm17-ce-22.3.0/lib/server/libjvm.so at 0x00007fdaf13ee000
stack at sp + 6 slots: 0x00007fdad17183e0 is pointing into the stack for thread: 0x00007fdaec0b1c40
stack at sp + 7 slots: 0x00007fdad1718440 is pointing into the stack for thread: 0x00007fdaec0b1c40


---------------  P R O C E S S  ---------------

Threads class SMR info:
_java_thread_list=0x00007fda7c01d880, length=24, elements={
0x00007fdaec025f80, 0x00007fdaec0a5f20, 0x00007fdaec0a7360, 0x00007fdaec0adab0,
0x00007fdaec0aee60, 0x00007fdaec0b0250, 0x00007fdaec0b1c40, 0x00007fdaec0b3150,
0x00007fdaec0b45a0, 0x00007fdaec0dfa40, 0x00007fdaec127b00, 0x00007fdaec37ee00,
0x00007fdaec365ca0, 0x00007fdaec1febf0, 0x00007fda80017100, 0x00007fda802a2ca0,
0x00007fda740010d0, 0x00007fda804dd380, 0x00007fda80737590, 0x00007fdaec473150,
0x00007fdaec3e9a50, 0x00007fda600c4a00, 0x00007fda7c06be50, 0x00007fda880075f0
}

Java Threads: ( => current thread )
  0x00007fdaec025f80 JavaThread "main" [_thread_blocked, id=40, stack(0x00007fdaf1209000,0x00007fdaf1309000)]
  0x00007fdaec0a5f20 JavaThread "Reference Handler" daemon [_thread_blocked, id=44, stack(0x00007fdaf0220000,0x00007fdaf0320000)]
  0x00007fdaec0a7360 JavaThread "Finalizer" daemon [_thread_blocked, id=45, stack(0x00007fdaf0120000,0x00007fdaf0220000)]
  0x00007fdaec0adab0 JavaThread "Signal Dispatcher" daemon [_thread_blocked, id=46, stack(0x00007fdaf0020000,0x00007fdaf0120000)]
  0x00007fdaec0aee60 JavaThread "Service Thread" daemon [_thread_blocked, id=47, stack(0x00007fdad181a000,0x00007fdad191a000)]
  0x00007fdaec0b0250 JavaThread "Monitor Deflation Thread" daemon [_thread_blocked, id=48, stack(0x00007fdad171a000,0x00007fdad181a000)]
=>0x00007fdaec0b1c40 JavaThread "JVMCI-native CompilerThread0" daemon [_thread_in_vm, id=49, stack(0x00007fdad151a000,0x00007fdad171a000)]
  0x00007fdaec0b3150 JavaThread "C1 CompilerThread0" daemon [_thread_blocked, id=50, stack(0x00007fdad131a000,0x00007fdad151a000)]
  0x00007fdaec0b45a0 JavaThread "Sweeper thread" daemon [_thread_blocked, id=51, stack(0x00007fdad121a000,0x00007fdad131a000)]
  0x00007fdaec0dfa40 JavaThread "Common-Cleaner" daemon [_thread_blocked, id=52, stack(0x00007fdad111a000,0x00007fdad121a000)]
  0x00007fdaec127b00 JavaThread "Notification Thread" daemon [_thread_blocked, id=53, stack(0x00007fdad101a000,0x00007fdad111a000)]
  0x00007fdaec37ee00 JavaThread "Framework Event Dispatcher: Equinox Container: 6241e543-d08e-4011-bd16-6458ea1fdf4f" daemon [_thread_blocked, id=65, stack(0x00007fdad0b00000,0x00007fdad0c00000)]
  0x00007fdaec365ca0 JavaThread "Start Level: Equinox Container: 6241e543-d08e-4011-bd16-6458ea1fdf4f" daemon [_thread_blocked, id=66, stack(0x00007fdad0900000,0x00007fdad0a00000)]
  0x00007fdaec1febf0 JavaThread "Refresh Thread: Equinox Container: 6241e543-d08e-4011-bd16-6458ea1fdf4f" daemon [_thread_blocked, id=74, stack(0x00007fdad0700000,0x00007fdad0800000)]
  0x00007fda80017100 JavaThread "SCR Component Actor" daemon [_thread_blocked, id=75, stack(0x00007fdad0500000,0x00007fdad0600000)]
  0x00007fda802a2ca0 JavaThread "Worker-JM" [_thread_blocked, id=89, stack(0x00007fdad0100000,0x00007fdad0200000)]
  0x00007fda740010d0 JavaThread "Worker-1: Java indexing... " [_thread_blocked, id=92, stack(0x00007fda98700000,0x00007fda98800000)]
  0x00007fda804dd380 JavaThread "Java indexing" daemon [_thread_blocked, id=99, stack(0x00007fda98500000,0x00007fda98600000)]
  0x00007fda80737590 JavaThread "Bundle File Closer" daemon [_thread_blocked, id=107, stack(0x00007fda98100000,0x00007fda98200000)]
  0x00007fdaec473150 JavaThread "pool-3-thread-1" [_thread_blocked, id=108, stack(0x00007fda97f00000,0x00007fda98000000)]
  0x00007fdaec3e9a50 JavaThread "pool-2-thread-1" [_thread_in_native, id=115, stack(0x00007fdad0300000,0x00007fdad0400000)]
  0x00007fda600c4a00 JavaThread "Worker-5" [_thread_blocked, id=222, stack(0x00007fda97900000,0x00007fda97a00000)]
  0x00007fda7c06be50 JavaThread "Thread-4" [_thread_blocked, id=1376, stack(0x00007fda97500000,0x00007fda97600000)]
  0x00007fda880075f0 JavaThread "Active Thread: Equinox Container: 6241e543-d08e-4011-bd16-6458ea1fdf4f" [_thread_blocked, id=2218, stack(0x00007fda97300000,0x00007fda97400000)]

Other Threads:
  0x00007fdaec0a1660 VMThread "VM Thread" [stack: 0x00007fdaf0322000,0x00007fdaf0422000] [id=43] _threads_hazard_ptr=0x00007fda7c01d880
  0x00007fdaec1294a0 WatcherThread [stack: 0x00007fdad0f1a000,0x00007fdad101a000] [id=54]
  0x00007fdaec03d880 GCTaskThread "GC Thread#0" [stack: 0x00007fdaf0dcc000,0x00007fdaf0ecc000] [id=41]

Threads with active compile tasks:
JVMCI-native CompilerThread0  1169197 8620       4       java.util.concurrent.locks.AbstractQueuedSynchronizer$ConditionObject::signal (34 bytes)

VM state: synchronizing (normal execution)

VM Mutex/Monitor currently owned by a thread:  ([mutex/lock_event])
[0x00007fdaec023130] Threads_lock - owner thread: 0x00007fdaec0a1660
[0x00007fdaec0238e0] Heap_lock - owner thread: 0x00007fda740010d0

OutOfMemory and StackOverflow Exception counts:
OutOfMemoryError java_heap_errors=15
LinkageErrors=72

Heap address: 0x00000000e0000000, size: 512 MB, Compressed Oops mode: 32-bit

CDS archive(s) mapped at: [0x0000000800000000-0x0000000800bc8000-0x0000000800bc8000), size 12353536, SharedBaseAddress: 0x0000000800000000, ArchiveRelocationMode: 0.
Compressed class space mapped at: 0x0000000800c00000-0x0000000840c00000, reserved size: 1073741824
Narrow klass base: 0x0000000800000000, Narrow klass shift: 0, Narrow klass range: 0x100000000

GC Precious Log:
 CPUs: 8 total, 1 available
 Memory: 1024M
 Large Page Support: Disabled
 NUMA Support: Disabled
 Compressed Oops: Enabled (32-bit)
 Alignments: Space 512K, Generation 512K, Heap 2M
 Heap Min Capacity: 100M
 Heap Initial Capacity: 100M
 Heap Max Capacity: 512M
 Pre-touch: Disabled
 Parallel Workers: 1

Heap:
 PSYoungGen      total 38912K, used 28173K [0x00000000f5580000, 0x00000000faf80000, 0x0000000100000000)
  eden space 23552K, 100% used [0x00000000f5580000,0x00000000f6c80000,0x00000000f6c80000)
  from space 15360K, 30% used [0x00000000f6c80000,0x00000000f71036f8,0x00000000f7b80000)
  to   space 32768K, 0% used [0x00000000f8f80000,0x00000000f8f80000,0x00000000faf80000)
 ParOldGen       total 349696K, used 349695K [0x00000000e0000000, 0x00000000f5580000, 0x00000000f5580000)
  object space 349696K, 99% used [0x00000000e0000000,0x00000000f557ff70,0x00000000f5580000)
 Metaspace       used 58911K, committed 60032K, reserved 1105920K
  class space    used 5884K, committed 6400K, reserved 1048576K

Card table byte_map: [0x00007fdaf0ecc000,0x00007fdaf0fcd000] _byte_map_base: 0x00007fdaf07cc000

Marking Bits: (ParMarkBitMap*) 0x00007fdaf261c4c0
 Begin Bits: [0x00007fdad24b3000, 0x00007fdad2cb3000)
 End Bits:   [0x00007fdad2cb3000, 0x00007fdad34b3000)

Polling page: 0x00007fdaf11e6000

Metaspace:

Usage:
  Non-class:     51.78 MB used.
      Class:      5.75 MB used.
       Both:     57.53 MB used.

Virtual space:
  Non-class space:       56.00 MB reserved,      52.38 MB ( 94%) committed,  7 nodes.
      Class space:        1.00 GB reserved,       6.25 MB ( <1%) committed,  1 nodes.
             Both:        1.05 GB reserved,      58.62 MB (  5%) committed. 

Chunk freelists:
   Non-Class:  2.87 MB
       Class:  1.68 MB
        Both:  4.55 MB

MaxMetaspaceSize: unlimited
CompressedClassSpaceSize: 1.00 GB
Initial GC threshold: 21.00 MB
Current GC threshold: 97.62 MB
CDS: on
MetaspaceReclaimPolicy: balanced
 - commit_granule_bytes: 65536.
 - commit_granule_words: 8192.
 - virtual_space_node_default_size: 1048576.
 - enlarge_chunks_in_place: 1.
 - new_chunks_are_fully_committed: 0.
 - uncommit_free_chunks: 1.
 - use_allocation_guard: 0.
 - handle_deallocations: 1.


Internal statistics:

num_allocs_failed_limit: 10.
num_arena_births: 494.
num_arena_deaths: 148.
num_vsnodes_births: 8.
num_vsnodes_deaths: 0.
num_space_committed: 937.
num_space_uncommitted: 0.
num_chunks_returned_to_freelist: 213.
num_chunks_taken_from_freelist: 2801.
num_chunk_merges: 93.
num_chunk_splits: 1830.
num_chunks_enlarged: 1148.
num_purges: 10.
num_inconsistent_stats: 0.

CodeHeap 'non-profiled nmethods': size=120036Kb used=2699Kb max_used=2699Kb free=117336Kb
 bounds [0x00007fdadaf7a000, 0x00007fdadb22a000, 0x00007fdae24b3000]
CodeHeap 'profiled nmethods': size=120032Kb used=15185Kb max_used=15185Kb free=104847Kb
 bounds [0x00007fdad3a42000, 0x00007fdad4922000, 0x00007fdadaf7a000]
CodeHeap 'non-nmethods': size=5692Kb used=1390Kb max_used=1409Kb free=4301Kb
 bounds [0x00007fdad34b3000, 0x00007fdad3723000, 0x00007fdad3a42000]
 total_blobs=7795 nmethods=7068 adapters=631
 compilation: enabled
              stopped_count=0, restarted_count=0
 full_count=0

JVMCI Events (20 events):
Event: 837.891 Thread 0x00007fdaec0b1c40 destroyed JavaVM[4]@0x00007fda9699e340 for JVMCI runtime 0
Event: 837.891 Thread 0x00007fdaec0b1c40 compacted oop handles in JVMCI runtime 0 from 64 to 64
Event: 837.891 Thread 0x00007fdaec0b1c40 releasing handles for JVMCI runtime 0: oop handles=64, metadata handles={total=108, live=106, blocks=33}
Event: 837.891 Thread 0x00007fdaec0b1c40 detached from JVMCI runtime 0
Event: 1000.007 Thread 0x00007fdaec0b1c40 attached to JVMCI runtime 0
Event: 1000.010 Thread 0x00007fdaec0b1c40 created JavaVM[5]@0x00007fda9699e340 for JVMCI runtime 0
Event: 1000.010 Thread 0x00007fdaec0b1c40 initializing JVMCI runtime 0
Event: 1000.010 Thread 0x00007fdaec0b1c40 done waiting for JavaVM references initialization in JVMCI runtime 0
Event: 1010.316 Thread 0x00007fdaec0b1c40 initialized JVMCI runtime 0
Event: 1037.101 Thread 0x00007fdaec0b1c40 detaching from JVMCI runtime 0: releasing idle compiler thread (0 other threads still attached)
Event: 1037.101 Thread 0x00007fdaec0b1c40 shutting down HotSpotJVMCIRuntime for JVMCI runtime 0
Event: 1037.101 Thread 0x00007fdaec0b1c40 shut down JVMCI runtime 0
Event: 1037.102 Thread 0x00007fdaec0b1c40 destroyed JavaVM[5]@0x00007fda9699e340 for JVMCI runtime 0
Event: 1037.102 Thread 0x00007fdaec0b1c40 compacted oop handles in JVMCI runtime 0 from 43 to 43
Event: 1037.102 Thread 0x00007fdaec0b1c40 releasing handles for JVMCI runtime 0: oop handles=43, metadata handles={total=86, live=75, blocks=33}
Event: 1037.102 Thread 0x00007fdaec0b1c40 detached from JVMCI runtime 0
Event: 1066.239 Thread 0x00007fdaec0b1c40 attached to JVMCI runtime 0
Event: 1066.242 Thread 0x00007fdaec0b1c40 created JavaVM[6]@0x00007fda9699e340 for JVMCI runtime 0
Event: 1066.242 Thread 0x00007fdaec0b1c40 initializing JVMCI runtime 0
Event: 1066.242 Thread 0x00007fdaec0b1c40 done waiting for JavaVM references initialization in JVMCI runtime 0

Compilation events (20 events):
Event: 846.017 Thread 0x00007fdaec0b3150 nmethod 8612 0x00007fdad4910690 code [0x00007fdad4910840, 0x00007fdad49109d0]
Event: 857.383 Thread 0x00007fdaec0b3150 8613       3       java.util.LinkedList::listIterator (15 bytes)
Event: 861.155 Thread 0x00007fdaec0b3150 nmethod 8613 0x00007fdad4910a90 code [0x00007fdad4910c80, 0x00007fdad49110c0]
Event: 866.609 Thread 0x00007fdaec0b3150 8614   !   3       org.eclipse.jdt.internal.core.JavaModelManager::secondaryTypes (195 bytes)
Event: 866.612 Thread 0x00007fdaec0b3150 nmethod 8614 0x00007fdad4911290 code [0x00007fdad49115e0, 0x00007fdad4912e70]
Event: 994.401 Thread 0x00007fdaec0b3150 8615   !   3       sun.nio.cs.StreamEncoder::write (78 bytes)
Event: 994.402 Thread 0x00007fdaec0b3150 nmethod 8615 0x00007fdad4913610 code [0x00007fdad4913840, 0x00007fdad4913f30]
Event: 996.382 Thread 0x00007fdaec0b3150 8616       3       java.io.PrintStream::ensureOpen (18 bytes)
Event: 1000.007 Thread 0x00007fdaec0b3150 nmethod 8616 0x00007fdad4914310 code [0x00007fdad49144c0, 0x00007fdad49146c0]
Event: 1000.007 Thread 0x00007fdaec0b1c40 8617 %     4       java.lang.StringCoding::implEncodeAsciiArray @ 3 (47 bytes)
Event: 1035.301 Thread 0x00007fdaec0b1c40 nmethod 8617% 0x00007fdadb21c790 code [0x00007fdadb21c920, 0x00007fdadb21cc78]
Event: 1046.794 Thread 0x00007fdaec0b3150 8618       3       java.util.concurrent.ThreadPoolExecutor::isShutdown (12 bytes)
Event: 1046.794 Thread 0x00007fdaec0b3150 nmethod 8618 0x00007fdad4914790 code [0x00007fdad4914940, 0x00007fdad4914b30]
Event: 1058.817 Thread 0x00007fdaec0b3150 8619       3       java.util.concurrent.ScheduledThreadPoolExecutor::canRunInCurrentRunState (61 bytes)
Event: 1058.818 Thread 0x00007fdaec0b3150 nmethod 8619 0x00007fdad4914c10 code [0x00007fdad4914e20, 0x00007fdad49158c0]
Event: 1066.239 Thread 0x00007fdaec0b1c40 8620       4       java.util.concurrent.locks.AbstractQueuedSynchronizer$ConditionObject::signal (34 bytes)
Event: 1071.981 Thread 0x00007fdaec0b3150 8621       3       java.util.logging.LogManager::getProperty (9 bytes)
Event: 1071.981 Thread 0x00007fdaec0b3150 nmethod 8621 0x00007fdad4915b10 code [0x00007fdad4915cc0, 0x00007fdad4915fe0]
Event: 1113.229 Thread 0x00007fdaec0b3150 8623       3       java.lang.StringBuffer::<init> (6 bytes)
Event: 1113.229 Thread 0x00007fdaec0b3150 nmethod 8623 0x00007fdad4916090 code [0x00007fdad4916240, 0x00007fdad4916380]

GC Heap History (20 events):
Event: 1149.300 GC heap before
{Heap before GC invocations=593 (full 480):
 PSYoungGen      total 38912K, used 28173K [0x00000000f5580000, 0x00000000faf80000, 0x0000000100000000)
  eden space 23552K, 100% used [0x00000000f5580000,0x00000000f6c80000,0x00000000f6c80000)
  from space 15360K, 30% used [0x00000000f6c80000,0x00000000f71036f8,0x00000000f7b80000)
  to   space 32768K, 0% used [0x00000000f8f80000,0x00000000f8f80000,0x00000000faf80000)
 ParOldGen       total 349696K, used 349694K [0x00000000e0000000, 0x00000000f5580000, 0x00000000f5580000)
  object space 349696K, 99% used [0x00000000e0000000,0x00000000f557f970,0x00000000f5580000)
 Metaspace       used 58883K, committed 60032K, reserved 1105920K
  class space    used 5880K, committed 6400K, reserved 1048576K
}
Event: 1151.326 GC heap after
{Heap after GC invocations=593 (full 480):
 PSYoungGen      total 38912K, used 28173K [0x00000000f5580000, 0x00000000faf80000, 0x0000000100000000)
  eden space 23552K, 100% used [0x00000000f5580000,0x00000000f6c80000,0x00000000f6c80000)
  from space 15360K, 30% used [0x00000000f6c80000,0x00000000f71036f8,0x00000000f7b80000)
  to   space 32768K, 0% used [0x00000000f8f80000,0x00000000f8f80000,0x00000000faf80000)
 ParOldGen       total 349696K, used 349693K [0x00000000e0000000, 0x00000000f5580000, 0x00000000f5580000)
  object space 349696K, 99% used [0x00000000e0000000,0x00000000f557f4a0,0x00000000f5580000)
 Metaspace       used 58883K, committed 60032K, reserved 1105920K
  class space    used 5880K, committed 6400K, reserved 1048576K
}
Event: 1151.334 GC heap before
{Heap before GC invocations=594 (full 481):
 PSYoungGen      total 38912K, used 28173K [0x00000000f5580000, 0x00000000faf80000, 0x0000000100000000)
  eden space 23552K, 100% used [0x00000000f5580000,0x00000000f6c80000,0x00000000f6c80000)
  from space 15360K, 30% used [0x00000000f6c80000,0x00000000f71036f8,0x00000000f7b80000)
  to   space 32768K, 0% used [0x00000000f8f80000,0x00000000f8f80000,0x00000000faf80000)
 ParOldGen       total 349696K, used 349695K [0x00000000e0000000, 0x00000000f5580000, 0x00000000f5580000)
  object space 349696K, 99% used [0x00000000e0000000,0x00000000f557ffe8,0x00000000f5580000)
 Metaspace       used 58886K, committed 60032K, reserved 1105920K
  class space    used 5881K, committed 6400K, reserved 1048576K
}
Event: 1153.424 GC heap after
{Heap after GC invocations=594 (full 481):
 PSYoungGen      total 38912K, used 28173K [0x00000000f5580000, 0x00000000faf80000, 0x0000000100000000)
  eden space 23552K, 100% used [0x00000000f5580000,0x00000000f6c80000,0x00000000f6c80000)
  from space 15360K, 30% used [0x00000000f6c80000,0x00000000f71036f8,0x00000000f7b80000)
  to   space 32768K, 0% used [0x00000000f8f80000,0x00000000f8f80000,0x00000000faf80000)
 ParOldGen       total 349696K, used 349694K [0x00000000e0000000, 0x00000000f5580000, 0x00000000f5580000)
  object space 349696K, 99% used [0x00000000e0000000,0x00000000f557f8f0,0x00000000f5580000)
 Metaspace       used 58886K, committed 60032K, reserved 1105920K
  class space    used 5881K, committed 6400K, reserved 1048576K
}
Event: 1153.430 GC heap before
{Heap before GC invocations=595 (full 482):
 PSYoungGen      total 38912K, used 28173K [0x00000000f5580000, 0x00000000faf80000, 0x0000000100000000)
  eden space 23552K, 100% used [0x00000000f5580000,0x00000000f6c80000,0x00000000f6c80000)
  from space 15360K, 30% used [0x00000000f6c80000,0x00000000f71036f8,0x00000000f7b80000)
  to   space 32768K, 0% used [0x00000000f8f80000,0x00000000f8f80000,0x00000000faf80000)
 ParOldGen       total 349696K, used 349695K [0x00000000e0000000, 0x00000000f5580000, 0x00000000f5580000)
  object space 349696K, 99% used [0x00000000e0000000,0x00000000f557ffa8,0x00000000f5580000)
 Metaspace       used 58887K, committed 60032K, reserved 1105920K
  class space    used 5881K, committed 6400K, reserved 1048576K
}
Event: 1155.563 GC heap after
{Heap after GC invocations=595 (full 482):
 PSYoungGen      total 38912K, used 28173K [0x00000000f5580000, 0x00000000faf80000, 0x0000000100000000)
  eden space 23552K, 100% used [0x00000000f5580000,0x00000000f6c80000,0x00000000f6c80000)
  from space 15360K, 30% used [0x00000000f6c80000,0x00000000f71036f8,0x00000000f7b80000)
  to   space 32768K, 0% used [0x00000000f8f80000,0x00000000f8f80000,0x00000000faf80000)
 ParOldGen       total 349696K, used 349695K [0x00000000e0000000, 0x00000000f5580000, 0x00000000f5580000)
  object space 349696K, 99% used [0x00000000e0000000,0x00000000f557ff18,0x00000000f5580000)
 Metaspace       used 58887K, committed 60032K, reserved 1105920K
  class space    used 5881K, committed 6400K, reserved 1048576K
}
Event: 1155.564 GC heap before
{Heap before GC invocations=596 (full 483):
 PSYoungGen      total 38912K, used 28173K [0x00000000f5580000, 0x00000000faf80000, 0x0000000100000000)
  eden space 23552K, 100% used [0x00000000f5580000,0x00000000f6c80000,0x00000000f6c80000)
  from space 15360K, 30% used [0x00000000f6c80000,0x00000000f71036f8,0x00000000f7b80000)
  to   space 32768K, 0% used [0x00000000f8f80000,0x00000000f8f80000,0x00000000faf80000)
 ParOldGen       total 349696K, used 349695K [0x00000000e0000000, 0x00000000f5580000, 0x00000000f5580000)
  object space 349696K, 99% used [0x00000000e0000000,0x00000000f557ffa8,0x00000000f5580000)
 Metaspace       used 58887K, committed 60032K, reserved 1105920K
  class space    used 5881K, committed 6400K, reserved 1048576K
}
Event: 1157.608 GC heap after
{Heap after GC invocations=596 (full 483):
 PSYoungGen      total 38912K, used 28173K [0x00000000f5580000, 0x00000000faf80000, 0x0000000100000000)
  eden space 23552K, 100% used [0x00000000f5580000,0x00000000f6c80000,0x00000000f6c80000)
  from space 15360K, 30% used [0x00000000f6c80000,0x00000000f71036f8,0x00000000f7b80000)
  to   space 32768K, 0% used [0x00000000f8f80000,0x00000000f8f80000,0x00000000faf80000)
 ParOldGen       total 349696K, used 349695K [0x00000000e0000000, 0x00000000f5580000, 0x00000000f5580000)
  object space 349696K, 99% used [0x00000000e0000000,0x00000000f557ff50,0x00000000f5580000)
 Metaspace       used 58887K, committed 60032K, reserved 1105920K
  class space    used 5881K, committed 6400K, reserved 1048576K
}
Event: 1157.609 GC heap before
{Heap before GC invocations=597 (full 484):
 PSYoungGen      total 38912K, used 28173K [0x00000000f5580000, 0x00000000faf80000, 0x0000000100000000)
  eden space 23552K, 100% used [0x00000000f5580000,0x00000000f6c80000,0x00000000f6c80000)
  from space 15360K, 30% used [0x00000000f6c80000,0x00000000f71036f8,0x00000000f7b80000)
  to   space 32768K, 0% used [0x00000000f8f80000,0x00000000f8f80000,0x00000000faf80000)
 ParOldGen       total 349696K, used 349695K [0x00000000e0000000, 0x00000000f5580000, 0x00000000f5580000)
  object space 349696K, 99% used [0x00000000e0000000,0x00000000f557ffc0,0x00000000f5580000)
 Metaspace       used 58887K, committed 60032K, reserved 1105920K
  class space    used 5881K, committed 6400K, reserved 1048576K
}
Event: 1159.483 GC heap after
{Heap after GC invocations=597 (full 484):
 PSYoungGen      total 38912K, used 28173K [0x00000000f5580000, 0x00000000faf80000, 0x0000000100000000)
  eden space 23552K, 100% used [0x00000000f5580000,0x00000000f6c80000,0x00000000f6c80000)
  from space 15360K, 30% used [0x00000000f6c80000,0x00000000f71036f8,0x00000000f7b80000)
  to   space 32768K, 0% used [0x00000000f8f80000,0x00000000f8f80000,0x00000000faf80000)
 ParOldGen       total 349696K, used 349695K [0x00000000e0000000, 0x00000000f5580000, 0x00000000f5580000)
  object space 349696K, 99% used [0x00000000e0000000,0x00000000f557ffc0,0x00000000f5580000)
 Metaspace       used 58887K, committed 60032K, reserved 1105920K
  class space    used 5881K, committed 6400K, reserved 1048576K
}
Event: 1159.483 GC heap before
{Heap before GC invocations=598 (full 485):
 PSYoungGen      total 38912K, used 28173K [0x00000000f5580000, 0x00000000faf80000, 0x0000000100000000)
  eden space 23552K, 100% used [0x00000000f5580000,0x00000000f6c80000,0x00000000f6c80000)
  from space 15360K, 30% used [0x00000000f6c80000,0x00000000f71036f8,0x00000000f7b80000)
  to   space 32768K, 0% used [0x00000000f8f80000,0x00000000f8f80000,0x00000000faf80000)
 ParOldGen       total 349696K, used 349695K [0x00000000e0000000, 0x00000000f5580000, 0x00000000f5580000)
  object space 349696K, 99% used [0x00000000e0000000,0x00000000f557ffc0,0x00000000f5580000)
 Metaspace       used 58887K, committed 60032K, reserved 1105920K
  class space    used 5881K, committed 6400K, reserved 1048576K
}
Event: 1161.482 GC heap after
{Heap after GC invocations=598 (full 485):
 PSYoungGen      total 38912K, used 28173K [0x00000000f5580000, 0x00000000faf80000, 0x0000000100000000)
  eden space 23552K, 100% used [0x00000000f5580000,0x00000000f6c80000,0x00000000f6c80000)
  from space 15360K, 30% used [0x00000000f6c80000,0x00000000f71036f8,0x00000000f7b80000)
  to   space 32768K, 0% used [0x00000000f8f80000,0x00000000f8f80000,0x00000000faf80000)
 ParOldGen       total 349696K, used 349694K [0x00000000e0000000, 0x00000000f5580000, 0x00000000f5580000)
  object space 349696K, 99% used [0x00000000e0000000,0x00000000f557fa50,0x00000000f5580000)
 Metaspace       used 58887K, committed 60032K, reserved 1105920K
  class space    used 5881K, committed 6400K, reserved 1048576K
}
Event: 1161.484 GC heap before
{Heap before GC invocations=599 (full 486):
 PSYoungGen      total 38912K, used 28173K [0x00000000f5580000, 0x00000000faf80000, 0x0000000100000000)
  eden space 23552K, 100% used [0x00000000f5580000,0x00000000f6c80000,0x00000000f6c80000)
  from space 15360K, 30% used [0x00000000f6c80000,0x00000000f71036f8,0x00000000f7b80000)
  to   space 32768K, 0% used [0x00000000f8f80000,0x00000000f8f80000,0x00000000faf80000)
 ParOldGen       total 349696K, used 349695K [0x00000000e0000000, 0x00000000f5580000, 0x00000000f5580000)
  object space 349696K, 99% used [0x00000000e0000000,0x00000000f557ffe8,0x00000000f5580000)
 Metaspace       used 58911K, committed 60032K, reserved 1105920K
  class space    used 5884K, committed 6400K, reserved 1048576K
}
Event: 1163.459 GC heap after
{Heap after GC invocations=599 (full 486):
 PSYoungGen      total 38912K, used 28173K [0x00000000f5580000, 0x00000000faf80000, 0x0000000100000000)
  eden space 23552K, 100% used [0x00000000f5580000,0x00000000f6c80000,0x00000000f6c80000)
  from space 15360K, 30% used [0x00000000f6c80000,0x00000000f71036f8,0x00000000f7b80000)
  to   space 32768K, 0% used [0x00000000f8f80000,0x00000000f8f80000,0x00000000faf80000)
 ParOldGen       total 349696K, used 349695K [0x00000000e0000000, 0x00000000f5580000, 0x00000000f5580000)
  object space 349696K, 99% used [0x00000000e0000000,0x00000000f557feb0,0x00000000f5580000)
 Metaspace       used 58911K, committed 60032K, reserved 1105920K
  class space    used 5884K, committed 6400K, reserved 1048576K
}
Event: 1163.459 GC heap before
{Heap before GC invocations=600 (full 487):
 PSYoungGen      total 38912K, used 28173K [0x00000000f5580000, 0x00000000faf80000, 0x0000000100000000)
  eden space 23552K, 100% used [0x00000000f5580000,0x00000000f6c80000,0x00000000f6c80000)
  from space 15360K, 30% used [0x00000000f6c80000,0x00000000f71036f8,0x00000000f7b80000)
  to   space 32768K, 0% used [0x00000000f8f80000,0x00000000f8f80000,0x00000000faf80000)
 ParOldGen       total 349696K, used 349695K [0x00000000e0000000, 0x00000000f5580000, 0x00000000f5580000)
  object space 349696K, 99% used [0x00000000e0000000,0x00000000f557fff8,0x00000000f5580000)
 Metaspace       used 58911K, committed 60032K, reserved 1105920K
  class space    used 5884K, committed 6400K, reserved 1048576K
}
Event: 1165.125 GC heap after
{Heap after GC invocations=600 (full 487):
 PSYoungGen      total 38912K, used 28173K [0x00000000f5580000, 0x00000000faf80000, 0x0000000100000000)
  eden space 23552K, 100% used [0x00000000f5580000,0x00000000f6c80000,0x00000000f6c80000)
  from space 15360K, 30% used [0x00000000f6c80000,0x00000000f71036f8,0x00000000f7b80000)
  to   space 32768K, 0% used [0x00000000f8f80000,0x00000000f8f80000,0x00000000faf80000)
 ParOldGen       total 349696K, used 349695K [0x00000000e0000000, 0x00000000f5580000, 0x00000000f5580000)
  object space 349696K, 99% used [0x00000000e0000000,0x00000000f557fee8,0x00000000f5580000)
 Metaspace       used 58911K, committed 60032K, reserved 1105920K
  class space    used 5884K, committed 6400K, reserved 1048576K
}
Event: 1165.125 GC heap before
{Heap before GC invocations=601 (full 488):
 PSYoungGen      total 38912K, used 28173K [0x00000000f5580000, 0x00000000faf80000, 0x0000000100000000)
  eden space 23552K, 100% used [0x00000000f5580000,0x00000000f6c80000,0x00000000f6c80000)
  from space 15360K, 30% used [0x00000000f6c80000,0x00000000f71036f8,0x00000000f7b80000)
  to   space 32768K, 0% used [0x00000000f8f80000,0x00000000f8f80000,0x00000000faf80000)
 ParOldGen       total 349696K, used 349695K [0x00000000e0000000, 0x00000000f5580000, 0x00000000f5580000)
  object space 349696K, 99% used [0x00000000e0000000,0x00000000f557fff0,0x00000000f5580000)
 Metaspace       used 58911K, committed 60032K, reserved 1105920K
  class space    used 5884K, committed 6400K, reserved 1048576K
}
Event: 1167.224 GC heap after
{Heap after GC invocations=601 (full 488):
 PSYoungGen      total 38912K, used 28173K [0x00000000f5580000, 0x00000000faf80000, 0x0000000100000000)
  eden space 23552K, 100% used [0x00000000f5580000,0x00000000f6c80000,0x00000000f6c80000)
  from space 15360K, 30% used [0x00000000f6c80000,0x00000000f71036f8,0x00000000f7b80000)
  to   space 32768K, 0% used [0x00000000f8f80000,0x00000000f8f80000,0x00000000faf80000)
 ParOldGen       total 349696K, used 349695K [0x00000000e0000000, 0x00000000f5580000, 0x00000000f5580000)
  object space 349696K, 99% used [0x00000000e0000000,0x00000000f557ff70,0x00000000f5580000)
 Metaspace       used 58911K, committed 60032K, reserved 1105920K
  class space    used 5884K, committed 6400K, reserved 1048576K
}
Event: 1167.224 GC heap before
{Heap before GC invocations=602 (full 489):
 PSYoungGen      total 38912K, used 28173K [0x00000000f5580000, 0x00000000faf80000, 0x0000000100000000)
  eden space 23552K, 100% used [0x00000000f5580000,0x00000000f6c80000,0x00000000f6c80000)
  from space 15360K, 30% used [0x00000000f6c80000,0x00000000f71036f8,0x00000000f7b80000)
  to   space 32768K, 0% used [0x00000000f8f80000,0x00000000f8f80000,0x00000000faf80000)
 ParOldGen       total 349696K, used 349695K [0x00000000e0000000, 0x00000000f5580000, 0x00000000f5580000)
  object space 349696K, 99% used [0x00000000e0000000,0x00000000f557ff70,0x00000000f5580000)
 Metaspace       used 58911K, committed 60032K, reserved 1105920K
  class space    used 5884K, committed 6400K, reserved 1048576K
}
Event: 1169.107 GC heap after
{Heap after GC invocations=602 (full 489):
 PSYoungGen      total 38912K, used 28173K [0x00000000f5580000, 0x00000000faf80000, 0x0000000100000000)
  eden space 23552K, 100% used [0x00000000f5580000,0x00000000f6c80000,0x00000000f6c80000)
  from space 15360K, 30% used [0x00000000f6c80000,0x00000000f71036f8,0x00000000f7b80000)
  to   space 32768K, 0% used [0x00000000f8f80000,0x00000000f8f80000,0x00000000faf80000)
 ParOldGen       total 349696K, used 349695K [0x00000000e0000000, 0x00000000f5580000, 0x00000000f5580000)
  object space 349696K, 99% used [0x00000000e0000000,0x00000000f557ff70,0x00000000f5580000)
 Metaspace       used 58911K, committed 60032K, reserved 1105920K
  class space    used 5884K, committed 6400K, reserved 1048576K
}

Dll operation events (9 events):
Event: 0.003 Loaded shared library /nix/store/gpxl5qgg8kicmcvivwmybwjlpf7wh20l-graalvm17-ce-22.3.0/lib/libjava.so
Event: 0.024 Loaded shared library /nix/store/gpxl5qgg8kicmcvivwmybwjlpf7wh20l-graalvm17-ce-22.3.0/lib/libjsvml.so
Event: 0.323 Loaded shared library /nix/store/gpxl5qgg8kicmcvivwmybwjlpf7wh20l-graalvm17-ce-22.3.0/lib/libnio.so
Event: 0.329 Loaded shared library /nix/store/gpxl5qgg8kicmcvivwmybwjlpf7wh20l-graalvm17-ce-22.3.0/lib/libzip.so
Event: 0.334 Loaded shared library /nix/store/gpxl5qgg8kicmcvivwmybwjlpf7wh20l-graalvm17-ce-22.3.0/lib/libjvmcicompiler.so
Event: 0.824 Loaded shared library /nix/store/gpxl5qgg8kicmcvivwmybwjlpf7wh20l-graalvm17-ce-22.3.0/lib/libjimage.so
Event: 1.484 Loaded shared library /nix/store/gpxl5qgg8kicmcvivwmybwjlpf7wh20l-graalvm17-ce-22.3.0/lib/libnet.so
Event: 5.783 Loaded shared library /home/runner/.cache/jdt-language-server/config/org.eclipse.equinox.launcher/org.eclipse.equinox.launcher.gtk.linux.x86_64_1.2.400.v20211117-0650/eclipse_11600.so
Event: 19.099 Loaded shared library /nix/store/gpxl5qgg8kicmcvivwmybwjlpf7wh20l-graalvm17-ce-22.3.0/lib/libextnet.so

Deoptimization events (20 events):
Event: 416.927 Thread 0x00007fdaec3e9a50 DEOPT PACKING pc=0x00007fdadb17c38e sp=0x00007fdad03fde90
Event: 416.927 Thread 0x00007fdaec3e9a50 DEOPT UNPACKING pc=0x00007fdad3505325 sp=0x00007fdad03fd330 mode 3
Event: 781.779 Thread 0x00007fda7c06be50 Uncommon trap: trap_request=0xffffffed fr.pc=0x00007fdadb1b8822 relative=0x0000000000000082
Event: 781.779 Thread 0x00007fda7c06be50 Uncommon trap: reason=null_assert_or_unreached0 action=reinterpret pc=0x00007fdadb1b8822 method=org.eclipse.jdt.internal.compiler.classfmt.MethodInfo.getExceptionTypeNames()[[C @ 4 jvmci
Event: 781.779 Thread 0x00007fda7c06be50 DEOPT PACKING pc=0x00007fdadb1b8822 sp=0x00007fda975fd860
Event: 781.779 Thread 0x00007fda7c06be50 DEOPT UNPACKING pc=0x00007fdad3505325 sp=0x00007fda975fcd00 mode 3
Event: 878.250 Thread 0x00007fda804dd380 Uncommon trap: trap_request=0xffffff8f fr.pc=0x00007fdadb20712c relative=0x00000000000011ec
Event: 878.250 Thread 0x00007fda804dd380 Uncommon trap: reason=constraint action=none pc=0x00007fdadb20712c method=org.eclipse.jdt.internal.core.index.DiskIndex.copyQueryResults(Lorg/eclipse/jdt/internal/compiler/util/HashtableOfObject;I)V @ 123 jvmci
Event: 878.250 Thread 0x00007fda804dd380 DEOPT PACKING pc=0x00007fdadb20712c sp=0x00007fda985fe530
Event: 878.250 Thread 0x00007fda804dd380 DEOPT UNPACKING pc=0x00007fdad3505325 sp=0x00007fda985fda28 mode 3
Event: 906.123 Thread 0x00007fda740010d0 Uncommon trap: trap_request=0xffffff8f fr.pc=0x00007fdadb1bbfb5 relative=0x0000000000000395
Event: 906.123 Thread 0x00007fda740010d0 Uncommon trap: reason=constraint action=none pc=0x00007fdadb1bbfb5 method=java.lang.String.<init>([C)V @ 0 jvmci
Event: 907.882 Thread 0x00007fda740010d0 DEOPT PACKING pc=0x00007fdadb1bbfb5 sp=0x00007fda987fe780
Event: 907.882 Thread 0x00007fda740010d0 DEOPT UNPACKING pc=0x00007fdad3505325 sp=0x00007fda987fdc28 mode 3
Event: 929.440 Thread 0x00007fda7c06be50 Uncommon trap: trap_request=0xffffff8f fr.pc=0x00007fdadafcea99 relative=0x00000000000002f9
Event: 929.440 Thread 0x00007fda7c06be50 Uncommon trap: reason=constraint action=none pc=0x00007fdadafcea99 method=java.lang.String.substring(II)Ljava/lang/String; @ 22 jvmci
Event: 929.441 Thread 0x00007fda7c06be50 DEOPT PACKING pc=0x00007fdadafcea99 sp=0x00007fda975fd790
Event: 929.441 Thread 0x00007fda7c06be50 DEOPT UNPACKING pc=0x00007fdad3505325 sp=0x00007fda975fcc10 mode 3
Event: 957.314 Thread 0x00007fda7c06be50 DEOPT PACKING pc=0x00007fdadb0b7ac0 sp=0x00007fda975fd4c0
Event: 957.314 Thread 0x00007fda7c06be50 DEOPT UNPACKING pc=0x00007fdad3505325 sp=0x00007fda975fc898 mode 1

Classes unloaded (20 events):
Event: 224.776 Thread 0x00007fdaec0a1660 Unloading class 0x000000080111c000 'jdk/internal/reflect/GeneratedSerializationConstructorAccessor9'
Event: 224.776 Thread 0x00007fdaec0a1660 Unloading class 0x000000080111b400 'jdk/internal/reflect/GeneratedSerializationConstructorAccessor8'
Event: 224.776 Thread 0x00007fdaec0a1660 Unloading class 0x000000080111b000 'jdk/internal/reflect/GeneratedConstructorAccessor37'
Event: 224.776 Thread 0x00007fdaec0a1660 Unloading class 0x0000000801110400 'jdk/internal/reflect/GeneratedSerializationConstructorAccessor7'
Event: 224.776 Thread 0x00007fdaec0a1660 Unloading class 0x0000000801110000 'jdk/internal/reflect/GeneratedSerializationConstructorAccessor6'
Event: 224.776 Thread 0x00007fdaec0a1660 Unloading class 0x0000000801108c00 'jdk/internal/reflect/GeneratedSerializationConstructorAccessor5'
Event: 224.776 Thread 0x00007fdaec0a1660 Unloading class 0x0000000801108800 'jdk/internal/reflect/GeneratedSerializationConstructorAccessor4'
Event: 224.776 Thread 0x00007fdaec0a1660 Unloading class 0x0000000801100000 'jdk/internal/reflect/GeneratedConstructorAccessor36'
Event: 224.776 Thread 0x00007fdaec0a1660 Unloading class 0x00000008010e0c00 'jdk/internal/reflect/GeneratedMethodAccessor10'
Event: 224.776 Thread 0x00007fdaec0a1660 Unloading class 0x00000008010e0800 'jdk/internal/reflect/GeneratedMethodAccessor9'
Event: 224.776 Thread 0x00007fdaec0a1660 Unloading class 0x00000008010e0400 'jdk/internal/reflect/GeneratedMethodAccessor8'
Event: 224.776 Thread 0x00007fdaec0a1660 Unloading class 0x00000008010e0000 'jdk/internal/reflect/GeneratedMethodAccessor7'
Event: 224.776 Thread 0x00007fdaec0a1660 Unloading class 0x00000008010bc000 'jdk/internal/reflect/GeneratedSerializationConstructorAccessor3'
Event: 224.776 Thread 0x00007fdaec0a1660 Unloading class 0x000000080108a400 'jdk/internal/reflect/GeneratedSerializationConstructorAccessor2'
Event: 224.776 Thread 0x00007fdaec0a1660 Unloading class 0x000000080108a000 'jdk/internal/reflect/GeneratedSerializationConstructorAccessor1'
Event: 224.777 Thread 0x00007fdaec0a1660 Unloading class 0x0000000800f04000 'jdk/internal/reflect/GeneratedConstructorAccessor14'
Event: 224.777 Thread 0x00007fdaec0a1660 Unloading class 0x0000000800ef9000 'jdk/internal/reflect/GeneratedConstructorAccessor12'
Event: 224.777 Thread 0x00007fdaec0a1660 Unloading class 0x0000000800ef8c00 'jdk/internal/reflect/GeneratedConstructorAccessor11'
Event: 224.777 Thread 0x00007fdaec0a1660 Unloading class 0x0000000800ef8800 'jdk/internal/reflect/GeneratedConstructorAccessor10'
Event: 254.184 Thread 0x00007fdaec0a1660 Unloading class 0x000000080111cc00 'jdk/internal/reflect/GeneratedMethodAccessor11'

Classes redefined (0 events):
No events

Internal exceptions (20 events):
Event: 64.579 Thread 0x00007fda7c01d060 Exception <a 'java/lang/NoSuchMethodError'{0x00000000f5ff3750}: 'void java.lang.invoke.DirectMethodHandle$Holder.invokeSpecial(java.lang.Object, java.lang.Object, int)'> (0x00000000f5ff3750) 
thrown [src/hotspot/share/interpreter/linkResolver.cpp, line 758]
Event: 66.197 Thread 0x00007fda7c01d060 Exception <a 'java/lang/NoSuchMethodError'{0x00000000f63dd348}: 'int java.lang.invoke.DirectMethodHandle$Holder.invokeSpecialIFC(java.lang.Object, java.lang.Object, java.lang.Object, java.lang.Object)'> (0x00000000f63dd348) 
thrown [src/hotspot/share/interpreter/linkResolver.cpp, line 758]
Event: 878.250 Thread 0x00007fda804dd380 Exception <a 'java/lang/OutOfMemoryError'{0x00000000e0004f40}> (0x00000000e0004f40) 
thrown [src/hotspot/share/gc/shared/memAllocator.cpp, line 138]
Event: 878.250 Thread 0x00007fda804dd380 Implicit null exception at 0x00007fdadb206b73 to 0x00007fdadb207111
Event: 887.422 Thread 0x00007fdaec34b4e0 Exception <a 'java/lang/OutOfMemoryError'{0x00000000e0004400}> (0x00000000e0004400) 
thrown [src/hotspot/share/gc/shared/memAllocator.cpp, line 136]
Event: 900.607 Thread 0x00007fda7c218cd0 Exception <a 'java/lang/OutOfMemoryError'{0x00000000e00049f0}> (0x00000000e00049f0) 
thrown [src/hotspot/share/gc/shared/memAllocator.cpp, line 136]
Event: 906.123 Thread 0x00007fda740010d0 Exception <a 'java/lang/OutOfMemoryError'{0x00000000e00046d0}> (0x00000000e00046d0) 
thrown [src/hotspot/share/gc/shared/memAllocator.cpp, line 138]
Event: 906.123 Thread 0x00007fda740010d0 Implicit null exception at 0x00007fdadb1bbe4d to 0x00007fdadb1bbf9a
Event: 911.525 Thread 0x00007fda7c218cd0 Exception <a 'java/lang/OutOfMemoryError'{0x00000000e00049f0}> (0x00000000e00049f0) 
thrown [src/hotspot/share/gc/shared/memAllocator.cpp, line 136]
Event: 924.089 Thread 0x00007fda7c06be50 Exception <a 'java/lang/OutOfMemoryError'{0x00000000e00049f0}> (0x00000000e00049f0) 
thrown [src/hotspot/share/gc/shared/memAllocator.cpp, line 136]
Event: 929.440 Thread 0x00007fda7c06be50 Exception <a 'java/lang/OutOfMemoryError'{0x00000000e00046d0}> (0x00000000e00046d0) 
thrown [src/hotspot/share/gc/shared/memAllocator.cpp, line 138]
Event: 929.440 Thread 0x00007fda7c06be50 Implicit null exception at 0x00007fdadafce9a6 to 0x00007fdadafcea7e
Event: 934.908 Thread 0x00007fda7c218cd0 Exception <a 'java/lang/OutOfMemoryError'{0x00000000e00049f0}> (0x00000000e00049f0) 
thrown [src/hotspot/share/gc/shared/memAllocator.cpp, line 136]
Event: 940.663 Thread 0x00007fda74007280 Exception <a 'java/lang/OutOfMemoryError'{0x00000000e00049f0}> (0x00000000e00049f0) 
thrown [src/hotspot/share/gc/shared/memAllocator.cpp, line 136]
Event: 944.378 Thread 0x00007fda74007280 Exception <a 'java/lang/OutOfMemoryError'{0x00000000e00049f0}> (0x00000000e00049f0) 
thrown [src/hotspot/share/gc/shared/memAllocator.cpp, line 136]
Event: 949.999 Thread 0x00007fda7c218cd0 Exception <a 'java/lang/OutOfMemoryError'{0x00000000e00049f0}> (0x00000000e00049f0) 
thrown [src/hotspot/share/gc/shared/memAllocator.cpp, line 136]
Event: 957.314 Thread 0x00007fda7c06be50 Exception <a 'java/lang/OutOfMemoryError'{0x00000000e00049f0}> (0x00000000e00049f0) 
thrown [src/hotspot/share/gc/shared/memAllocator.cpp, line 136]
Event: 965.304 Thread 0x00007fda7c06be50 Exception <a 'java/lang/OutOfMemoryError'{0x00000000e00049f0}> (0x00000000e00049f0) 
thrown [src/hotspot/share/gc/shared/memAllocator.cpp, line 136]
Event: 972.998 Thread 0x00007fda7c06be50 Exception <a 'java/lang/OutOfMemoryError'{0x00000000e00049f0}> (0x00000000e00049f0) 
thrown [src/hotspot/share/gc/shared/memAllocator.cpp, line 136]
Event: 1169.108 Thread 0x00007fdaec0b1c40 Exception <a 'java/lang/OutOfMemoryError'{0x00000000e0004720}> (0x00000000e0004720) 
thrown [src/hotspot/share/gc/shared/memAllocator.cpp, line 136]

VM Operations (20 events):
Event: 1145.511 Executing VM operation: ParallelGCFailedAllocation
Event: 1147.463 Executing VM operation: ParallelGCFailedAllocation done
Event: 1147.463 Executing VM operation: ParallelGCFailedAllocation
Event: 1149.300 Executing VM operation: ParallelGCFailedAllocation done
Event: 1149.300 Executing VM operation: ParallelGCFailedAllocation
Event: 1151.326 Executing VM operation: ParallelGCFailedAllocation done
Event: 1151.334 Executing VM operation: ParallelGCFailedAllocation
Event: 1153.424 Executing VM operation: ParallelGCFailedAllocation done
Event: 1153.430 Executing VM operation: ParallelGCFailedAllocation
Event: 1155.563 Executing VM operation: ParallelGCFailedAllocation done
Event: 1155.564 Executing VM operation: ParallelGCFailedAllocation
Event: 1157.608 Executing VM operation: ParallelGCFailedAllocation done
Event: 1157.609 Executing VM operation: ParallelGCFailedAllocation
Event: 1161.482 Executing VM operation: ParallelGCFailedAllocation done
Event: 1161.483 Executing VM operation: ParallelGCFailedAllocation
Event: 1163.459 Executing VM operation: ParallelGCFailedAllocation done
Event: 1163.459 Executing VM operation: ParallelGCFailedAllocation
Event: 1165.125 Executing VM operation: ParallelGCFailedAllocation done
Event: 1165.125 Executing VM operation: ParallelGCFailedAllocation
Event: 1169.108 Executing VM operation: ParallelGCFailedAllocation done

Events (20 events):
Event: 1012.213 loading class java/util/logging/SimpleFormatter
Event: 1012.213 loading class java/util/logging/Formatter
Event: 1012.213 loading class java/util/logging/Formatter done
Event: 1012.213 loading class java/util/logging/SimpleFormatter done
Event: 1048.617 loading class jdk/internal/logger/SurrogateLogger
Event: 1048.617 loading class jdk/internal/logger/SimpleConsoleLogger
Event: 1066.242 loading class jdk/internal/logger/SimpleConsoleLogger done
Event: 1066.242 loading class jdk/internal/logger/SurrogateLogger done
Event: 1069.926 loading class jdk/internal/logger/SimpleConsoleLogger$Formatting
Event: 1069.927 loading class jdk/internal/logger/SimpleConsoleLogger$Formatting done
Event: 1071.980 loading class java/util/logging/ErrorManager
Event: 1073.891 loading class java/util/logging/ErrorManager done
Event: 1085.509 loading class java/util/logging/Handler$1
Event: 1085.510 loading class java/util/logging/Handler$1 done
Event: 1085.510 loading class java/util/logging/StreamHandler$1
Event: 1149.300 loading class java/util/logging/StreamHandler$1 done
Event: 1151.328 loading class java/util/logging/LogManager$CloseOnReset
Event: 1151.328 loading class java/util/logging/LogManager$CloseOnReset done
Event: 1161.482 loading class java/time/ZonedDateTime
Event: 1161.483 loading class java/time/chrono/ChronoZonedDateTime


Dynamic libraries:
e0000000-f3480000 rw-p 00000000 00:00 0 
f3480000-faf80000 rw-p 00000000 00:00 0 
faf80000-100000000 ---p 00000000 00:00 0 
800000000-800449000 rw-p 00001000 00:11c8 4611686019135357769            /nix/store/gpxl5qgg8kicmcvivwmybwjlpf7wh20l-graalvm17-ce-22.3.0/lib/server/classes.jsa
800449000-800bc8000 r--p 0044a000 00:11c8 4611686019135357769            /nix/store/gpxl5qgg8kicmcvivwmybwjlpf7wh20l-graalvm17-ce-22.3.0/lib/server/classes.jsa
800bc8000-800c00000 ---p 00000000 00:00 0 
800c00000-800c10000 rw-p 00000000 00:00 0 
800c10000-800c30000 rw-p 00000000 00:00 0 
800c30000-800cb0000 rw-p 00000000 00:00 0 
800cb0000-800cf0000 rw-p 00000000 00:00 0 
800cf0000-800db0000 rw-p 00000000 00:00 0 
800db0000-800df0000 rw-p 00000000 00:00 0 
800df0000-800f30000 rw-p 00000000 00:00 0 
800f30000-800fb0000 rw-p 00000000 00:00 0 
800fb0000-800ff0000 rw-p 00000000 00:00 0 
800ff0000-8011b0000 rw-p 00000000 00:00 0 
8011b0000-8011d0000 rw-p 00000000 00:00 0 
8011d0000-801200000 ---p 00000000 00:00 0 
801200000-801270000 rw-p 00000000 00:00 0 
801270000-840c00000 ---p 00000000 00:00 0 
561269483000-561269484000 r-xp 00000000 00:11c8 4611686019099417844      /nix/store/gpxl5qgg8kicmcvivwmybwjlpf7wh20l-graalvm17-ce-22.3.0/bin/.java-wrapped
561269485000-561269486000 r--p 00001000 00:11c8 4611686019099417844      /nix/store/gpxl5qgg8kicmcvivwmybwjlpf7wh20l-graalvm17-ce-22.3.0/bin/.java-wrapped
561269486000-561269487000 rw-p 00002000 00:11c8 4611686019099417844      /nix/store/gpxl5qgg8kicmcvivwmybwjlpf7wh20l-graalvm17-ce-22.3.0/bin/.java-wrapped
561269487000-561269488000 rw-p 00004000 00:11c8 4611686019099417844      /nix/store/gpxl5qgg8kicmcvivwmybwjlpf7wh20l-graalvm17-ce-22.3.0/bin/.java-wrapped
561269488000-561269489000 rw-p 00005000 00:11c8 4611686019099417844      /nix/store/gpxl5qgg8kicmcvivwmybwjlpf7wh20l-graalvm17-ce-22.3.0/bin/.java-wrapped
56126a23b000-56126a283000 rw-p 00000000 00:00 0                          [heap]
7fda24000000-7fda24274000 rw-p 00000000 00:00 0 
7fda24274000-7fda28000000 ---p 00000000 00:00 0 
7fda2c000000-7fda2c021000 rw-p 00000000 00:00 0 
7fda2c021000-7fda30000000 ---p 00000000 00:00 0 
7fda30000000-7fda30021000 rw-p 00000000 00:00 0 
7fda30021000-7fda34000000 ---p 00000000 00:00 0 
7fda34000000-7fda34021000 rw-p 00000000 00:00 0 
7fda34021000-7fda38000000 ---p 00000000 00:00 0 
7fda38000000-7fda38021000 rw-p 00000000 00:00 0 
7fda38021000-7fda3c000000 ---p 00000000 00:00 0 
7fda3c000000-7fda3c021000 rw-p 00000000 00:00 0 
7fda3c021000-7fda40000000 ---p 00000000 00:00 0 
7fda424b3000-7fda4c000000 r--s 00000000 00:11c8 4611686019135192581      /nix/store/gpxl5qgg8kicmcvivwmybwjlpf7wh20l-graalvm17-ce-22.3.0/lib/modules
7fda4c000000-7fda4c045000 rw-p 00000000 00:00 0 
7fda4c045000-7fda50000000 ---p 00000000 00:00 0 
7fda50000000-7fda50519000 rw-p 00000000 00:00 0 
7fda50519000-7fda54000000 ---p 00000000 00:00 0 
7fda54c00000-7fda55040000 rw-p 00000000 00:00 0 
7fda55040000-7fda55100000 ---p 00000000 00:00 0 
7fda55100000-7fda55120000 rw-p 00000000 00:00 0 
7fda55120000-7fda55400000 ---p 00000000 00:00 0 
7fda56400000-7fda56bf0000 rw-p 00000000 00:00 0 
7fda56bf0000-7fda56c00000 rw-p 00000000 00:00 0 
7fda57000000-7fda574f0000 rw-p 00000000 00:00 0 
7fda574f0000-7fda575f0000 rw-p 00000000 00:00 0 
7fda575f0000-7fda577f0000 rw-p 00000000 00:00 0 
7fda577f0000-7fda578f0000 rw-p 00000000 00:00 0 
7fda578f0000-7fda57af0000 rw-p 00000000 00:00 0 
7fda57af0000-7fda57cf0000 rw-p 00000000 00:00 0 
7fda57cf0000-7fda57df0000 rw-p 00000000 00:00 0 
7fda57df0000-7fda57ef0000 rw-p 00000000 00:00 0 
7fda57ef0000-7fda58000000 rw-p 00000000 00:00 0 
7fda58000000-7fda58021000 rw-p 00000000 00:00 0 
7fda58021000-7fda5c000000 ---p 00000000 00:00 0 
7fda5c000000-7fda5c038000 rw-p 00000000 00:00 0 
7fda5c038000-7fda60000000 ---p 00000000 00:00 0 
7fda60000000-7fda60128000 rw-p 00000000 00:00 0 
7fda60128000-7fda64000000 ---p 00000000 00:00 0 
7fda64000000-7fda64021000 rw-p 00000000 00:00 0 
7fda64021000-7fda68000000 ---p 00000000 00:00 0 
7fda68000000-7fda68031000 rw-p 00000000 00:00 0 
7fda68031000-7fda6c000000 ---p 00000000 00:00 0 
7fda6c000000-7fda6c070000 rw-p 00000000 00:00 0 
7fda6c070000-7fda70000000 ---p 00000000 00:00 0 
7fda70000000-7fda70021000 rw-p 00000000 00:00 0 
7fda70021000-7fda74000000 ---p 00000000 00:00 0 
7fda74000000-7fda742fd000 rw-p 00000000 00:00 0 
7fda742fd000-7fda78000000 ---p 00000000 00:00 0 
7fda78000000-7fda78021000 rw-p 00000000 00:00 0 
7fda78021000-7fda7c000000 ---p 00000000 00:00 0 
7fda7c000000-7fda7c22a000 rw-p 00000000 00:00 0 
7fda7c22a000-7fda80000000 ---p 00000000 00:00 0 
7fda80000000-7fda80914000 rw-p 00000000 00:00 0 
7fda80914000-7fda84000000 ---p 00000000 00:00 0 
7fda84000000-7fda84026000 rw-p 00000000 00:00 0 
7fda84026000-7fda88000000 ---p 00000000 00:00 0 
7fda88000000-7fda88021000 rw-p 00000000 00:00 0 
7fda88021000-7fda8c000000 ---p 00000000 00:00 0 
7fda8c000000-7fda8c021000 rw-p 00000000 00:00 0 
7fda8c021000-7fda90000000 ---p 00000000 00:00 0 
7fda90000000-7fda90021000 rw-p 00000000 00:00 0 
7fda90021000-7fda94000000 ---p 00000000 00:00 0 
7fda94000000-7fda940f0000 rw-p 00000000 00:00 0 
7fda940f0000-7fda941f0000 rw-p 00000000 00:00 0 
7fda941f0000-7fda947f0000 rw-p 00000000 00:00 0 
7fda947f0000-7fda948f0000 rw-p 00000000 00:00 0 
7fda948f0000-7fda949f0000 rw-p 00000000 00:00 0 
7fda949f0000-7fda94cf0000 rw-p 00000000 00:00 0 
7fda94cf0000-7fda94df0000 rw-p 00000000 00:00 0 
7fda94df0000-7fda95000000 rw-p 00000000 00:00 0 
7fda95600000-7fda95610000 r-xp 00000000 00:10df 366                      /home/runner/.cache/jdt-language-server/config/org.eclipse.equinox.launcher/org.eclipse.equinox.launcher.gtk.linux.x86_64_1.2.400.v20211117-0650/eclipse_11600.so
7fda95610000-7fda9580f000 ---p 00010000 00:10df 366                      /home/runner/.cache/jdt-language-server/config/org.eclipse.equinox.launcher/org.eclipse.equinox.launcher.gtk.linux.x86_64_1.2.400.v20211117-0650/eclipse_11600.so
7fda9580f000-7fda95810000 r--p 0000f000 00:10df 366                      /home/runner/.cache/jdt-language-server/config/org.eclipse.equinox.launcher/org.eclipse.equinox.launcher.gtk.linux.x86_64_1.2.400.v20211117-0650/eclipse_11600.so
7fda95810000-7fda95811000 rw-p 00010000 00:10df 366                      /home/runner/.cache/jdt-language-server/config/org.eclipse.equinox.launcher/org.eclipse.equinox.launcher.gtk.linux.x86_64_1.2.400.v20211117-0650/eclipse_11600.so
7fda95d00000-7fda95e00000 ---p 00000000 00:00 0 
7fda95e00000-7fda963af000 r--p 01122000 00:11c8 4611686019135190040      /nix/store/gpxl5qgg8kicmcvivwmybwjlpf7wh20l-graalvm17-ce-22.3.0/lib/libjvmcicompiler.so
7fda963af000-7fda96500000 r--p 00000000 00:00 0 
7fda96500000-7fda9653d000 rw-p 00000000 00:00 0 
7fda9653d000-7fda96a5d000 rw-p 0185f000 00:11c8 4611686019135190040      /nix/store/gpxl5qgg8kicmcvivwmybwjlpf7wh20l-graalvm17-ce-22.3.0/lib/libjvmcicompiler.so
7fda96a5d000-7fda96e44000 r--p 01d7f000 00:11c8 4611686019135190040      /nix/store/gpxl5qgg8kicmcvivwmybwjlpf7wh20l-graalvm17-ce-22.3.0/lib/libjvmcicompiler.so
7fda96f00000-7fda96f04000 ---p 00000000 00:00 0 
7fda96f04000-7fda97000000 rw-p 00000000 00:00 0 
7fda97100000-7fda97104000 ---p 00000000 00:00 0 
7fda97104000-7fda97200000 rw-p 00000000 00:00 0 
7fda97300000-7fda97304000 ---p 00000000 00:00 0 
7fda97304000-7fda97400000 rw-p 00000000 00:00 0 
7fda97500000-7fda97504000 ---p 00000000 00:00 0 
7fda97504000-7fda97600000 rw-p 00000000 00:00 0 
7fda97700000-7fda97704000 ---p 00000000 00:00 0 
7fda97704000-7fda97800000 rw-p 00000000 00:00 0 
7fda97900000-7fda97904000 ---p 00000000 00:00 0 
7fda97904000-7fda97a00000 rw-p 00000000 00:00 0 
7fda97b00000-7fda97b04000 ---p 00000000 00:00 0 
7fda97b04000-7fda97c00000 rw-p 00000000 00:00 0 
7fda97d00000-7fda97d04000 ---p 00000000 00:00 0 
7fda97d04000-7fda97e00000 rw-p 00000000 00:00 0 
7fda97f00000-7fda97f04000 ---p 00000000 00:00 0 
7fda97f04000-7fda98000000 rw-p 00000000 00:00 0 
7fda98100000-7fda98104000 ---p 00000000 00:00 0 
7fda98104000-7fda98200000 rw-p 00000000 00:00 0 
7fda98300000-7fda98304000 ---p 00000000 00:00 0 
7fda98304000-7fda98400000 rw-p 00000000 00:00 0 
7fda98500000-7fda98504000 ---p 00000000 00:00 0 
7fda98504000-7fda98600000 rw-p 00000000 00:00 0 
7fda98700000-7fda98704000 ---p 00000000 00:00 0 
7fda98704000-7fda98800000 rw-p 00000000 00:00 0 
7fda98900000-7fda98904000 ---p 00000000 00:00 0 
7fda98904000-7fda98a00000 rw-p 00000000 00:00 0 
7fda99668000-7fda99b00000 rw-p 00000000 00:00 0 
7fda99c00000-7fda9bd6a000 r-xp 00000000 00:11c8 4611686019135190040      /nix/store/gpxl5qgg8kicmcvivwmybwjlpf7wh20l-graalvm17-ce-22.3.0/lib/libjvmcicompiler.so
7fda9bd6a000-7fda9bf69000 ---p 0216a000 00:11c8 4611686019135190040      /nix/store/gpxl5qgg8kicmcvivwmybwjlpf7wh20l-graalvm17-ce-22.3.0/lib/libjvmcicompiler.so
7fda9bf69000-7fda9bf6a000 r--p 02169000 00:11c8 4611686019135190040      /nix/store/gpxl5qgg8kicmcvivwmybwjlpf7wh20l-graalvm17-ce-22.3.0/lib/libjvmcicompiler.so
7fda9bf6a000-7fda9bf6c000 rw-p 0216a000 00:11c8 4611686019135190040      /nix/store/gpxl5qgg8kicmcvivwmybwjlpf7wh20l-graalvm17-ce-22.3.0/lib/libjvmcicompiler.so
7fda9bf6c000-7fda9bf6d000 rw-p 00000000 00:00 0 
7fda9bf6d000-7fda9bf72000 rw-p 023c3000 00:11c8 4611686019135190040      /nix/store/gpxl5qgg8kicmcvivwmybwjlpf7wh20l-graalvm17-ce-22.3.0/lib/libjvmcicompiler.so
7fda9c000000-7fda9c021000 rw-p 00000000 00:00 0 
7fda9c021000-7fdaa0000000 ---p 00000000 00:00 0 
7fdaa0000000-7fdaa0021000 rw-p 00000000 00:00 0 
7fdaa0021000-7fdaa4000000 ---p 00000000 00:00 0 
7fdaa4000000-7fdaa4021000 rw-p 00000000 00:00 0 
7fdaa4021000-7fdaa8000000 ---p 00000000 00:00 0 
7fdaa8000000-7fdaa8021000 rw-p 00000000 00:00 0 
7fdaa8021000-7fdaac000000 ---p 00000000 00:00 0 
7fdaac000000-7fdaac0cf000 rw-p 00000000 00:00 0 
7fdaac0cf000-7fdab0000000 ---p 00000000 00:00 0 
7fdab0000000-7fdab07a6000 rw-p 00000000 00:00 0 
7fdab07a6000-7fdab4000000 ---p 00000000 00:00 0 
7fdab4000000-7fdab4021000 rw-p 00000000 00:00 0 
7fdab4021000-7fdab8000000 ---p 00000000 00:00 0 
7fdab8000000-7fdab8021000 rw-p 00000000 00:00 0 
7fdab8021000-7fdabc000000 ---p 00000000 00:00 0 
7fdabc000000-7fdabc021000 rw-p 00000000 00:00 0 
7fdabc021000-7fdac0000000 ---p 00000000 00:00 0 
7fdac0000000-7fdac0021000 rw-p 00000000 00:00 0 
7fdac0021000-7fdac4000000 ---p 00000000 00:00 0 
7fdac4000000-7fdac4021000 rw-p 00000000 00:00 0 
7fdac4021000-7fdac8000000 ---p 00000000 00:00 0 
7fdac8000000-7fdac8021000 rw-p 00000000 00:00 0 
7fdac8021000-7fdacc000000 ---p 00000000 00:00 0 
7fdacc000000-7fdacc076000 rw-p 00000000 00:00 0 
7fdacc076000-7fdad0000000 ---p 00000000 00:00 0 
7fdad0100000-7fdad0104000 ---p 00000000 00:00 0 
7fdad0104000-7fdad0200000 rw-p 00000000 00:00 0 
7fdad0300000-7fdad0304000 ---p 00000000 00:00 0 
7fdad0304000-7fdad0400000 rw-p 00000000 00:00 0 
7fdad0500000-7fdad0504000 ---p 00000000 00:00 0 
7fdad0504000-7fdad0600000 rw-p 00000000 00:00 0 
7fdad0700000-7fdad0704000 ---p 00000000 00:00 0 
7fdad0704000-7fdad0800000 rw-p 00000000 00:00 0 
7fdad0900000-7fdad0904000 ---p 00000000 00:00 0 
7fdad0904000-7fdad0a00000 rw-p 00000000 00:00 0 
7fdad0a00000-7fdad0a04000 ---p 00000000 00:00 0 
7fdad0a04000-7fdad0b00000 rw-p 00000000 00:00 0 
7fdad0b00000-7fdad0b04000 ---p 00000000 00:00 0 
7fdad0b04000-7fdad0c00000 rw-p 00000000 00:00 0 
7fdad0d00000-7fdad0d04000 ---p 00000000 00:00 0 
7fdad0d04000-7fdad0e00000 rw-p 00000000 00:00 0 
7fdad0f18000-7fdad0f19000 ---p 00000000 00:00 0 
7fdad0f19000-7fdad101a000 rw-p 00000000 00:00 0 
7fdad101a000-7fdad101e000 ---p 00000000 00:00 0 
7fdad101e000-7fdad111a000 rw-p 00000000 00:00 0 
7fdad111a000-7fdad111e000 ---p 00000000 00:00 0 
7fdad111e000-7fdad121a000 rw-p 00000000 00:00 0 
7fdad121a000-7fdad121e000 ---p 00000000 00:00 0 
7fdad121e000-7fdad131a000 rw-p 00000000 00:00 0 
7fdad131a000-7fdad131e000 ---p 00000000 00:00 0 
7fdad131e000-7fdad151a000 rw-p 00000000 00:00 0 
7fdad151a000-7fdad151e000 ---p 00000000 00:00 0 
7fdad151e000-7fdad171a000 rw-p 00000000 00:00 0 
7fdad171a000-7fdad171e000 ---p 00000000 00:00 0 
7fdad171e000-7fdad181a000 rw-p 00000000 00:00 0 
7fdad181a000-7fdad181e000 ---p 00000000 00:00 0 
7fdad181e000-7fdad191a000 rw-p 00000000 00:00 0 
7fdad191a000-7fdad1c00000 r--p 00000000 00:f67 28444448                  /usr/lib/locale/locale-archive
7fdad1c00000-7fdad1ff0000 rw-p 00000000 00:00 0 
7fdad1ff0000-7fdad22f0000 rw-p 00000000 00:00 0 
7fdad22f0000-7fdad2400000 rw-p 00000000 00:00 0 
7fdad246a000-7fdad246e000 ---p 00000000 00:00 0 
7fdad246e000-7fdad248c000 rw-p 00000000 00:00 0 
7fdad248c000-7fdad2493000 r-xp 00000000 00:11c8 4611686019135192580      /nix/store/gpxl5qgg8kicmcvivwmybwjlpf7wh20l-graalvm17-ce-22.3.0/lib/libzip.so
7fdad2493000-7fdad2494000 ---p 00007000 00:11c8 4611686019135192580      /nix/store/gpxl5qgg8kicmcvivwmybwjlpf7wh20l-graalvm17-ce-22.3.0/lib/libzip.so
7fdad2494000-7fdad2495000 r--p 00007000 00:11c8 4611686019135192580      /nix/store/gpxl5qgg8kicmcvivwmybwjlpf7wh20l-graalvm17-ce-22.3.0/lib/libzip.so
7fdad2495000-7fdad2496000 rw-p 00008000 00:11c8 4611686019135192580      /nix/store/gpxl5qgg8kicmcvivwmybwjlpf7wh20l-graalvm17-ce-22.3.0/lib/libzip.so
7fdad2496000-7fdad2498000 rw-p 0000b000 00:11c8 4611686019135192580      /nix/store/gpxl5qgg8kicmcvivwmybwjlpf7wh20l-graalvm17-ce-22.3.0/lib/libzip.so
7fdad2498000-7fdad24ad000 r-xp 00000000 00:11c8 4611686019135192570      /nix/store/gpxl5qgg8kicmcvivwmybwjlpf7wh20l-graalvm17-ce-22.3.0/lib/libnet.so
7fdad24ad000-7fdad24ae000 ---p 00015000 00:11c8 4611686019135192570      /nix/store/gpxl5qgg8kicmcvivwmybwjlpf7wh20l-graalvm17-ce-22.3.0/lib/libnet.so
7fdad24ae000-7fdad24af000 r--p 00015000 00:11c8 4611686019135192570      /nix/store/gpxl5qgg8kicmcvivwmybwjlpf7wh20l-graalvm17-ce-22.3.0/lib/libnet.so
7fdad24af000-7fdad24b0000 rw-p 00016000 00:11c8 4611686019135192570      /nix/store/gpxl5qgg8kicmcvivwmybwjlpf7wh20l-graalvm17-ce-22.3.0/lib/libnet.so
7fdad24b0000-7fdad24b3000 rw-p 0001b000 00:11c8 4611686019135192570      /nix/store/gpxl5qgg8kicmcvivwmybwjlpf7wh20l-graalvm17-ce-22.3.0/lib/libnet.so
7fdad24b3000-7fdad34b3000 rw-p 00000000 00:00 0 
7fdad34b3000-7fdad3723000 rwxp 00000000 00:00 0 
7fdad3723000-7fdad3a42000 ---p 00000000 00:00 0 
7fdad3a42000-7fdad4922000 rwxp 00000000 00:00 0 
7fdad4922000-7fdadaf7a000 ---p 00000000 00:00 0 
7fdadaf7a000-7fdadb22a000 rwxp 00000000 00:00 0 
7fdadb22a000-7fdae24b3000 ---p 00000000 00:00 0 
7fdae24b3000-7fdaec000000 r--s 00000000 00:11c8 4611686019135192581      /nix/store/gpxl5qgg8kicmcvivwmybwjlpf7wh20l-graalvm17-ce-22.3.0/lib/modules
7fdaec000000-7fdaec613000 rw-p 00000000 00:00 0 
7fdaec613000-7fdaf0000000 ---p 00000000 00:00 0 
7fdaf0001000-7fdaf0003000 r-xp 00000000 00:11c8 4611686019135190017      /nix/store/gpxl5qgg8kicmcvivwmybwjlpf7wh20l-graalvm17-ce-22.3.0/lib/libextnet.so
7fdaf0003000-7fdaf0004000 r--p 00001000 00:11c8 4611686019135190017      /nix/store/gpxl5qgg8kicmcvivwmybwjlpf7wh20l-graalvm17-ce-22.3.0/lib/libextnet.so
7fdaf0004000-7fdaf0005000 rw-p 00002000 00:11c8 4611686019135190017      /nix/store/gpxl5qgg8kicmcvivwmybwjlpf7wh20l-graalvm17-ce-22.3.0/lib/libextnet.so
7fdaf0005000-7fdaf0006000 rw-p 00004000 00:11c8 4611686019135190017      /nix/store/gpxl5qgg8kicmcvivwmybwjlpf7wh20l-graalvm17-ce-22.3.0/lib/libextnet.so
7fdaf0006000-7fdaf0019000 r-xp 00000000 00:11c8 4611686019135192571      /nix/store/gpxl5qgg8kicmcvivwmybwjlpf7wh20l-graalvm17-ce-22.3.0/lib/libnio.so
7fdaf0019000-7fdaf001a000 r--p 00012000 00:11c8 4611686019135192571      /nix/store/gpxl5qgg8kicmcvivwmybwjlpf7wh20l-graalvm17-ce-22.3.0/lib/libnio.so
7fdaf001a000-7fdaf001b000 rw-p 00013000 00:11c8 4611686019135192571      /nix/store/gpxl5qgg8kicmcvivwmybwjlpf7wh20l-graalvm17-ce-22.3.0/lib/libnio.so
7fdaf001b000-7fdaf0020000 rw-p 00019000 00:11c8 4611686019135192571      /nix/store/gpxl5qgg8kicmcvivwmybwjlpf7wh20l-graalvm17-ce-22.3.0/lib/libnio.so
7fdaf0020000-7fdaf0024000 ---p 00000000 00:00 0 
7fdaf0024000-7fdaf0120000 rw-p 00000000 00:00 0 
7fdaf0120000-7fdaf0124000 ---p 00000000 00:00 0 
7fdaf0124000-7fdaf0220000 rw-p 00000000 00:00 0 
7fdaf0220000-7fdaf0224000 ---p 00000000 00:00 0 
7fdaf0224000-7fdaf0320000 rw-p 00000000 00:00 0 
7fdaf0320000-7fdaf0321000 ---p 00000000 00:00 0 
7fdaf0321000-7fdaf0422000 rw-p 00000000 00:00 0 
7fdaf0422000-7fdaf04f0000 r-xp 00000000 00:11c8 4611686019135190036      /nix/store/gpxl5qgg8kicmcvivwmybwjlpf7wh20l-graalvm17-ce-22.3.0/lib/libjsvml.so
7fdaf04f0000-7fdaf04f1000 r--p 000cd000 00:11c8 4611686019135190036      /nix/store/gpxl5qgg8kicmcvivwmybwjlpf7wh20l-graalvm17-ce-22.3.0/lib/libjsvml.so
7fdaf04f1000-7fdaf04f2000 rw-p 000ce000 00:11c8 4611686019135190036      /nix/store/gpxl5qgg8kicmcvivwmybwjlpf7wh20l-graalvm17-ce-22.3.0/lib/libjsvml.so
7fdaf04f2000-7fdaf0dca000 rw-p 00000000 00:00 0 
7fdaf0dca000-7fdaf0dcb000 ---p 00000000 00:00 0 
7fdaf0dcb000-7fdaf0f67000 rw-p 00000000 00:00 0 
7fdaf0f67000-7fdaf0fa4000 rw-p 00000000 00:00 0 
7fdaf0fa4000-7fdaf0fcc000 ---p 00000000 00:00 0 
7fdaf0fcc000-7fdaf0fd3000 rw-p 00000000 00:00 0 
7fdaf0fd3000-7fdaf10b8000 ---p 00000000 00:00 0 
7fdaf10b8000-7fdaf10d6000 rw-p 00000000 00:00 0 
7fdaf10d6000-7fdaf11a3000 ---p 00000000 00:00 0 
7fdaf11a3000-7fdaf11a8000 rw-p 00000000 00:00 0 
7fdaf11a8000-7fdaf11af000 ---p 00000000 00:00 0 
7fdaf11af000-7fdaf11d3000 r-xp 00000000 00:11c8 4611686019135190028      /nix/store/gpxl5qgg8kicmcvivwmybwjlpf7wh20l-graalvm17-ce-22.3.0/lib/libjava.so
7fdaf11d3000-7fdaf11d4000 ---p 00024000 00:11c8 4611686019135190028      /nix/store/gpxl5qgg8kicmcvivwmybwjlpf7wh20l-graalvm17-ce-22.3.0/lib/libjava.so
7fdaf11d4000-7fdaf11d5000 r--p 00024000 00:11c8 4611686019135190028      /nix/store/gpxl5qgg8kicmcvivwmybwjlpf7wh20l-graalvm17-ce-22.3.0/lib/libjava.so
7fdaf11d5000-7fdaf11d6000 rw-p 00025000 00:11c8 4611686019135190028      /nix/store/gpxl5qgg8kicmcvivwmybwjlpf7wh20l-graalvm17-ce-22.3.0/lib/libjava.so
7fdaf11d6000-7fdaf11d7000 rw-p 00000000 00:00 0 
7fdaf11d7000-7fdaf11de000 rw-p 0002f000 00:11c8 4611686019135190028      /nix/store/gpxl5qgg8kicmcvivwmybwjlpf7wh20l-graalvm17-ce-22.3.0/lib/libjava.so
7fdaf11de000-7fdaf11e6000 rw-s 00000000 00:5af 361                       /tmp/hsperfdata_runner/28
7fdaf11e6000-7fdaf11e7000 ---p 00000000 00:00 0 
7fdaf11e7000-7fdaf11e8000 r--p 00000000 00:00 0 
7fdaf11e8000-7fdaf11e9000 rwxp 00000000 00:00 0 
7fdaf11e9000-7fdaf1204000 r-xp 00000000 00:11c8 4611686019135190032      /nix/store/gpxl5qgg8kicmcvivwmybwjlpf7wh20l-graalvm17-ce-22.3.0/lib/libjimage.so
7fdaf1204000-7fdaf1205000 ---p 0001b000 00:11c8 4611686019135190032      /nix/store/gpxl5qgg8kicmcvivwmybwjlpf7wh20l-graalvm17-ce-22.3.0/lib/libjimage.so
7fdaf1205000-7fdaf1207000 r--p 0001b000 00:11c8 4611686019135190032      /nix/store/gpxl5qgg8kicmcvivwmybwjlpf7wh20l-graalvm17-ce-22.3.0/lib/libjimage.so
7fdaf1207000-7fdaf1208000 rw-p 0001d000 00:11c8 4611686019135190032      /nix/store/gpxl5qgg8kicmcvivwmybwjlpf7wh20l-graalvm17-ce-22.3.0/lib/libjimage.so
7fdaf1208000-7fdaf1209000 rw-p 00024000 00:11c8 4611686019135190032      /nix/store/gpxl5qgg8kicmcvivwmybwjlpf7wh20l-graalvm17-ce-22.3.0/lib/libjimage.so
7fdaf1209000-7fdaf120d000 ---p 00000000 00:00 0 
7fdaf120d000-7fdaf1309000 rw-p 00000000 00:00 0 
7fdaf1309000-7fdaf1317000 r--p 00000000 00:11c8 4611686019027979927      /nix/store/4nlgxhb09sdr51nc9hdm8az5b08vzkgx-glibc-2.35-163/lib/libm.so.6
7fdaf1317000-7fdaf138a000 r-xp 0000e000 00:11c8 4611686019027979927      /nix/store/4nlgxhb09sdr51nc9hdm8az5b08vzkgx-glibc-2.35-163/lib/libm.so.6
7fdaf138a000-7fdaf13e7000 r--p 00081000 00:11c8 4611686019027979927      /nix/store/4nlgxhb09sdr51nc9hdm8az5b08vzkgx-glibc-2.35-163/lib/libm.so.6
7fdaf13e7000-7fdaf13e8000 r--p 000dd000 00:11c8 4611686019027979927      /nix/store/4nlgxhb09sdr51nc9hdm8az5b08vzkgx-glibc-2.35-163/lib/libm.so.6
7fdaf13e8000-7fdaf13e9000 rw-p 000de000 00:11c8 4611686019027979927      /nix/store/4nlgxhb09sdr51nc9hdm8az5b08vzkgx-glibc-2.35-163/lib/libm.so.6
7fdaf13e9000-7fdaf13ea000 r--p 00000000 00:11c8 4611686019027979946      /nix/store/4nlgxhb09sdr51nc9hdm8az5b08vzkgx-glibc-2.35-163/lib/librt.so.1
7fdaf13ea000-7fdaf13eb000 r-xp 00001000 00:11c8 4611686019027979946      /nix/store/4nlgxhb09sdr51nc9hdm8az5b08vzkgx-glibc-2.35-163/lib/librt.so.1
7fdaf13eb000-7fdaf13ec000 r--p 00002000 00:11c8 4611686019027979946      /nix/store/4nlgxhb09sdr51nc9hdm8az5b08vzkgx-glibc-2.35-163/lib/librt.so.1
7fdaf13ec000-7fdaf13ed000 r--p 00002000 00:11c8 4611686019027979946      /nix/store/4nlgxhb09sdr51nc9hdm8az5b08vzkgx-glibc-2.35-163/lib/librt.so.1
7fdaf13ed000-7fdaf13ee000 rw-p 00003000 00:11c8 4611686019027979946      /nix/store/4nlgxhb09sdr51nc9hdm8az5b08vzkgx-glibc-2.35-163/lib/librt.so.1
7fdaf13ee000-7fdaf2501000 r-xp 00000000 00:11c8 4611686019135360866      /nix/store/gpxl5qgg8kicmcvivwmybwjlpf7wh20l-graalvm17-ce-22.3.0/lib/server/libjvm.so
7fdaf2501000-7fdaf2502000 ---p 01113000 00:11c8 4611686019135360866      /nix/store/gpxl5qgg8kicmcvivwmybwjlpf7wh20l-graalvm17-ce-22.3.0/lib/server/libjvm.so
7fdaf2502000-7fdaf25b7000 r--p 01113000 00:11c8 4611686019135360866      /nix/store/gpxl5qgg8kicmcvivwmybwjlpf7wh20l-graalvm17-ce-22.3.0/lib/server/libjvm.so
7fdaf25b7000-7fdaf25eb000 rw-p 011c8000 00:11c8 4611686019135360866      /nix/store/gpxl5qgg8kicmcvivwmybwjlpf7wh20l-graalvm17-ce-22.3.0/lib/server/libjvm.so
7fdaf25eb000-7fdaf2647000 rw-p 00000000 00:00 0 
7fdaf2647000-7fdaf266f000 r--p 00000000 00:11c8 4611686019027979918      /nix/store/4nlgxhb09sdr51nc9hdm8az5b08vzkgx-glibc-2.35-163/lib/libc.so.6
7fdaf266f000-7fdaf27e5000 r-xp 00028000 00:11c8 4611686019027979918      /nix/store/4nlgxhb09sdr51nc9hdm8az5b08vzkgx-glibc-2.35-163/lib/libc.so.6
7fdaf27e5000-7fdaf283d000 r--p 0019e000 00:11c8 4611686019027979918      /nix/store/4nlgxhb09sdr51nc9hdm8az5b08vzkgx-glibc-2.35-163/lib/libc.so.6
7fdaf283d000-7fdaf2841000 r--p 001f6000 00:11c8 4611686019027979918      /nix/store/4nlgxhb09sdr51nc9hdm8az5b08vzkgx-glibc-2.35-163/lib/libc.so.6
7fdaf2841000-7fdaf2843000 rw-p 001fa000 00:11c8 4611686019027979918      /nix/store/4nlgxhb09sdr51nc9hdm8az5b08vzkgx-glibc-2.35-163/lib/libc.so.6
7fdaf2843000-7fdaf2852000 rw-p 00000000 00:00 0 
7fdaf2852000-7fdaf2853000 r--p 00000000 00:11c8 4611686019027979923      /nix/store/4nlgxhb09sdr51nc9hdm8az5b08vzkgx-glibc-2.35-163/lib/libdl.so.2
7fdaf2853000-7fdaf2854000 r-xp 00001000 00:11c8 4611686019027979923      /nix/store/4nlgxhb09sdr51nc9hdm8az5b08vzkgx-glibc-2.35-163/lib/libdl.so.2
7fdaf2854000-7fdaf2855000 r--p 00002000 00:11c8 4611686019027979923      /nix/store/4nlgxhb09sdr51nc9hdm8az5b08vzkgx-glibc-2.35-163/lib/libdl.so.2
7fdaf2855000-7fdaf2856000 r--p 00002000 00:11c8 4611686019027979923      /nix/store/4nlgxhb09sdr51nc9hdm8az5b08vzkgx-glibc-2.35-163/lib/libdl.so.2
7fdaf2856000-7fdaf2857000 rw-p 00003000 00:11c8 4611686019027979923      /nix/store/4nlgxhb09sdr51nc9hdm8az5b08vzkgx-glibc-2.35-163/lib/libdl.so.2
7fdaf2857000-7fdaf2858000 r--p 00000000 00:11c8 4611686019027979942      /nix/store/4nlgxhb09sdr51nc9hdm8az5b08vzkgx-glibc-2.35-163/lib/libpthread.so.0
7fdaf2858000-7fdaf2859000 r-xp 00001000 00:11c8 4611686019027979942      /nix/store/4nlgxhb09sdr51nc9hdm8az5b08vzkgx-glibc-2.35-163/lib/libpthread.so.0
7fdaf2859000-7fdaf285a000 r--p 00002000 00:11c8 4611686019027979942      /nix/store/4nlgxhb09sdr51nc9hdm8az5b08vzkgx-glibc-2.35-163/lib/libpthread.so.0
7fdaf285a000-7fdaf285b000 r--p 00002000 00:11c8 4611686019027979942      /nix/store/4nlgxhb09sdr51nc9hdm8az5b08vzkgx-glibc-2.35-163/lib/libpthread.so.0
7fdaf285b000-7fdaf285c000 rw-p 00003000 00:11c8 4611686019027979942      /nix/store/4nlgxhb09sdr51nc9hdm8az5b08vzkgx-glibc-2.35-163/lib/libpthread.so.0
7fdaf285c000-7fdaf286a000 r-xp 00000000 00:11c8 4611686019135190033      /nix/store/gpxl5qgg8kicmcvivwmybwjlpf7wh20l-graalvm17-ce-22.3.0/lib/libjli.so
7fdaf286a000-7fdaf286b000 ---p 0000e000 00:11c8 4611686019135190033      /nix/store/gpxl5qgg8kicmcvivwmybwjlpf7wh20l-graalvm17-ce-22.3.0/lib/libjli.so
7fdaf286b000-7fdaf286c000 r--p 0000e000 00:11c8 4611686019135190033      /nix/store/gpxl5qgg8kicmcvivwmybwjlpf7wh20l-graalvm17-ce-22.3.0/lib/libjli.so
7fdaf286c000-7fdaf286d000 rw-p 0000f000 00:11c8 4611686019135190033      /nix/store/gpxl5qgg8kicmcvivwmybwjlpf7wh20l-graalvm17-ce-22.3.0/lib/libjli.so
7fdaf286d000-7fdaf286e000 rw-p 00012000 00:11c8 4611686019135190033      /nix/store/gpxl5qgg8kicmcvivwmybwjlpf7wh20l-graalvm17-ce-22.3.0/lib/libjli.so
7fdaf286e000-7fdaf2871000 r--p 00000000 00:11c8 4611686019106210071      /nix/store/026hln0aq1hyshaxsdvhg0kmcm6yf45r-zlib-1.2.13/lib/libz.so.1.2.13
7fdaf2871000-7fdaf2883000 r-xp 00003000 00:11c8 4611686019106210071      /nix/store/026hln0aq1hyshaxsdvhg0kmcm6yf45r-zlib-1.2.13/lib/libz.so.1.2.13
7fdaf2883000-7fdaf288a000 r--p 00015000 00:11c8 4611686019106210071      /nix/store/026hln0aq1hyshaxsdvhg0kmcm6yf45r-zlib-1.2.13/lib/libz.so.1.2.13
7fdaf288a000-7fdaf288b000 r--p 0001b000 00:11c8 4611686019106210071      /nix/store/026hln0aq1hyshaxsdvhg0kmcm6yf45r-zlib-1.2.13/lib/libz.so.1.2.13
7fdaf288b000-7fdaf288c000 rw-p 0001c000 00:11c8 4611686019106210071      /nix/store/026hln0aq1hyshaxsdvhg0kmcm6yf45r-zlib-1.2.13/lib/libz.so.1.2.13
7fdaf288c000-7fdaf288e000 rw-p 00000000 00:00 0 
7fdaf288e000-7fdaf2890000 r--p 00000000 00:11c8 4611686019027979912      /nix/store/4nlgxhb09sdr51nc9hdm8az5b08vzkgx-glibc-2.35-163/lib/ld-linux-x86-64.so.2
7fdaf2890000-7fdaf28b7000 r-xp 00002000 00:11c8 4611686019027979912      /nix/store/4nlgxhb09sdr51nc9hdm8az5b08vzkgx-glibc-2.35-163/lib/ld-linux-x86-64.so.2
7fdaf28b7000-7fdaf28c3000 r--p 00029000 00:11c8 4611686019027979912      /nix/store/4nlgxhb09sdr51nc9hdm8az5b08vzkgx-glibc-2.35-163/lib/ld-linux-x86-64.so.2
7fdaf28c3000-7fdaf28c5000 r--p 00034000 00:11c8 4611686019027979912      /nix/store/4nlgxhb09sdr51nc9hdm8az5b08vzkgx-glibc-2.35-163/lib/ld-linux-x86-64.so.2
7fdaf28c5000-7fdaf28c7000 rw-p 00036000 00:11c8 4611686019027979912      /nix/store/4nlgxhb09sdr51nc9hdm8az5b08vzkgx-glibc-2.35-163/lib/ld-linux-x86-64.so.2
7ffcabd71000-7ffcabd95000 rw-p 00000000 00:00 0                          [stack]
7ffcabdcd000-7ffcabdd1000 r--p 00000000 00:00 0                          [vvar]
7ffcabdd1000-7ffcabdd3000 r-xp 00000000 00:00 0                          [vdso]
ffffffffff600000-ffffffffff601000 --xp 00000000 00:00 0                  [vsyscall]


VM Arguments:
jvm_args: -XX:ThreadPriorityPolicy=1 -XX:+UnlockExperimentalVMOptions -XX:+EnableJVMCIProduct -XX:JVMCIThreadsPerNativeLibraryRuntime=1 -XX:-UnlockExperimentalVMOptions -Declipse.application=org.eclipse.jdt.ls.core.id1 -Dosgi.bundles.defaultStartLevel=4 -Declipse.product=org.eclipse.jdt.ls.core.product -Dlog.level=ALL -Xverify:none -XX:+UseParallelGC -XX:GCTimeRatio=4 -XX:AdaptiveSizePolicyWeight=90 -Dsun.zip.disableMemoryMapping=true -Xmx512m -Xms100m 
java_command: /nix/store/a7s9klvriqi68xz3qjc0qyfl5h86xc16-jdt-language-server-1.9.0/share/java/plugins/org.eclipse.equinox.launcher_1.6.400.v20210924-0641.jar --add-modules=ALL-SYSTEM --add-opens java.base/java.util=ALL-UNNAMED --add-opens java.base/java.lang=ALL-UNNAMED -configuration /home/runner/.cache/jdt-language-server/config -data /home/runner/.cache/jdt-language-server/data/home/runner/AdventurousUnnaturalMetadata-Shayan
java_class_path (initial): /nix/store/a7s9klvriqi68xz3qjc0qyfl5h86xc16-jdt-language-server-1.9.0/share/java/plugins/org.eclipse.equinox.launcher_1.6.400.v20210924-0641.jar
Launcher Type: SUN_STANDARD

[Global flags]
    uintx AdaptiveSizePolicyWeight                 = 90                                        {product} {command line}
     intx CICompilerCount                          = 2                                         {product} {ergonomic}
     bool EnableJVMCIProduct                       = true                                {JVMCI product} {jimage}
    uintx GCTimeRatio                              = 4                                         {product} {command line}
   size_t InitialHeapSize                          = 104857600                                 {product} {command line}
     uint JVMCIThreadsPerNativeLibraryRuntime      = 1                                   {JVMCI product} {jimage}
   size_t MaxHeapSize                              = 536870912                                 {product} {command line}
   size_t MaxNewSize                               = 178782208                                 {product} {ergonomic}
   size_t MinHeapDeltaBytes                        = 524288                                    {product} {ergonomic}
   size_t MinHeapSize                              = 104857600                                 {product} {command line}
   size_t NewSize                                  = 34603008                                  {product} {ergonomic}
    uintx NonNMethodCodeHeapSize                   = 5826188                                {pd product} {ergonomic}
    uintx NonProfiledCodeHeapSize                  = 122916026                              {pd product} {ergonomic}
   size_t OldSize                                  = 70254592                                  {product} {ergonomic}
    uintx ProfiledCodeHeapSize                     = 122916026                              {pd product} {ergonomic}
    uintx ReservedCodeCacheSize                    = 251658240                              {pd product} {ergonomic}
     bool SegmentedCodeCache                       = true                                      {product} {ergonomic}
   size_t SoftMaxHeapSize                          = 536870912                              {manageable} {ergonomic}
     intx ThreadPriorityPolicy                     = 1                                         {product} {jimage}
     bool UseCompressedClassPointers               = true                           {product lp64_product} {ergonomic}
     bool UseCompressedOops                        = true                           {product lp64_product} {ergonomic}
     bool UseParallelGC                            = true                                      {product} {command line}

Logging:
Log output configuration:
 #0: stdout all=warning uptime,level,tags
 #1: stderr all=off uptime,level,tags

Environment Variables:
JAVA_HOME=/nix/store/gpxl5qgg8kicmcvivwmybwjlpf7wh20l-graalvm17-ce-22.3.0
PATH=/nix/store/1d6ian3r8kdzspw8hacjhl3xkp40g1lj-binutils-wrapper-2.39/bin:/nix/store/dq0xwmsk1g0i2ayg6pb7y87na2knzylh-gcc-wrapper-11.3.0/bin:/nix/store/bap4d0lpcrhpwmpb8ayjcgkmvfj62lnq-bash-interactive-5.1-p16/bin:/nix/store/pr5n59mb4jzmfx6kanwxly0l07p861fg-patchelf-0.15.0/bin:/nix/store/1gf2flfqnpqbr1b4p4qz2f72y42bs56r-gcc-11.3.0/bin:/nix/store/57xv61c5zi8pphjbcwxxjlgc34p61ic9-glibc-2.35-163-bin/bin:/nix/store/a7gvj343m05j2s32xcnwr35v31ynlypr-coreutils-9.1/bin:/nix/store/039g378vc3pc3dvi9dzdlrd0i4q93qwf-binutils-2.39/bin:/nix/store/gpxl5qgg8kicmcvivwmybwjlpf7wh20l-graalvm17-ce-22.3.0/bin:/nix/store/6z9ag3ihc8mq2hzsw48lhbznvzny65nz-apache-maven-3.8.6/bin:/nix/store/a7s9klvriqi68xz3qjc0qyfl5h86xc16-jdt-language-server-1.9.0/bin:/nix/store/48ifl2w60a3zp7yskbpnvn8jp9jdsb7k-java-debug/bin:/nix/store/mydc6f4k2z73xlcz7ilif3v2lcaiqvza-findutils-4.9.0/bin:/nix/store/j9p3g8472iijd50vhdprx0nmk2fqn5gv-diffutils-3.8/bin:/nix/store/89zs7rms6x00xfq4dq6m7mjnhkr8a6r4-gnused-4.8/bin:/nix/store/86bp03jkmsl6f92w0yzg4s59g5mhxwmy-gnugrep-3.7/bin:/nix/store/hwcdqw4jrjnd37wxqgsd47hd0j8bnj09-gawk-5.1.1/bin:/nix/store/cfbhw8r8ags41vwqaz47r583d0p4h4a1-gnutar-1.34/bin:/nix/store/p3m1ndl1lapwrlh698bnb5lvvxh67378-gzip-1.12/bin:/nix/store/a8mhcagrsly7c7mpjrpsnaahk4aax056-bzip2-1.0.8-bin/bin:/nix/store/mblgz65m3zv9x548a3d5m96fj2pbwr09-gnumake-4.3/bin:/nix/store/dsd5gz46hdbdk2rfdimqddhq6m8m8fqs-bash-5.1-p16/bin:/nix/store/v7ljksji50mg3w61dykaa3n3y79n6nil-patch-2.7.6/bin:/nix/store/zlcnmqq14jz5x9439jf937mvayyl63da-xz-5.2.7-bin/bin:/nix/store/y6aj732zm9m87c82fpvf103a1xb22blp-file-5.43/bin:/nix/store/i4kzir3m7mrisxmf5xvlnkw01x4qaqr4-prybar-elisp-0.0.0-e0d9a52/bin:/nix/store/lwwivxf6h7x3cvxp9zv8sj0mv7dak99r-prybar-lua-0.0.0-e0d9a52/bin:/nix/store/gxj28g1cg4hq3qanmjv07156h800qr58-prybar-python3-0.0.0-e0d9a52/bin:/nix/store/hshkjnxrgidigf8x75vg6lqng2xlx9i3-prybar-sqlite-0.0.0-e0d9a52/bin:/nix/store/c4w01bpjgyy5ixmwdk8m1pw87zq4sl26-prybar-tcl-0.0.0-e0d9a52/bin:/nix/store/hpbvrlwd5viqmvcaisb3x0118i913a9n-st
LD_LIBRARY_PATH=/nix/store/a4pff549sk2idnkpzk5nsfps3mdkdnvm-cups-2.4.2-lib/lib:/nix/store/72mqxxhh3cy5yifh92wh2yb8cl2hikyy-cairo-1.16.0/lib:/nix/store/2k366jrbsra97gjfxwvrhvixjfxdach5-glib-2.74.1/lib:/nix/store/2j2znigd8ak37rlwh9khz0ry3clqlw1l-gtk+3-3.24.34/lib:/nix/store/hisqvx32cd57apbpcsnkpx6k3549wql1-libglvnd-1.4.0/lib:/nix/store/p36pgcv991mq5srvg765b78yqpxvk3qs-mesa-21.3.3-drivers/lib:/nix/store/mav4251if1ahjq5vkpwycyyvnmy459c4-pulseaudio-14.2/lib
DISPLAY=:0
LANG=en_US.UTF-8

Signal Handlers:
   SIGSEGV: crash_handler in libjvm.so, mask=11100100010111111101111111111110, flags=SA_RESTART|SA_SIGINFO
    SIGBUS: crash_handler in libjvm.so, mask=11100100010111111101111111111110, flags=SA_RESTART|SA_SIGINFO
    SIGFPE: crash_handler in libjvm.so, mask=11100100010111111101111111111110, flags=SA_RESTART|SA_SIGINFO
   SIGPIPE: IsolateEnterStub_IgnoreSIGPIPEStartupHook_noopSignalHandler_8f19bff2f35b5f630d83b364d6b2339320d4ec70_216e8361c6bc87a8f89f58cc10d3b2fd4415bf87 in libjvmcicompiler.so, mask=00000000000000000000000000000000, flags=SA_RESTART
  *** Handler was modified!
  *** Expected: javaSignalHandler in libjvm.so, mask=11100100110111111111111111111110, flags=SA_RESTART|SA_SIGINFO
   SIGXFSZ: javaSignalHandler in libjvm.so, mask=11100100010111111101111111111110, flags=SA_RESTART|SA_SIGINFO
    SIGILL: crash_handler in libjvm.so, mask=11100100010111111101111111111110, flags=SA_RESTART|SA_SIGINFO
   SIGUSR2: SR_handler in libjvm.so, mask=00000000000000000000000000000000, flags=SA_RESTART|SA_SIGINFO
    SIGHUP: UserHandler in libjvm.so, mask=11100100010111111101111111111110, flags=SA_RESTART|SA_SIGINFO
    SIGINT: UserHandler in libjvm.so, mask=11100100010111111101111111111110, flags=SA_RESTART|SA_SIGINFO
   SIGTERM: UserHandler in libjvm.so, mask=11100100010111111101111111111110, flags=SA_RESTART|SA_SIGINFO
   SIGQUIT: UserHandler in libjvm.so, mask=11100100010111111101111111111110, flags=SA_RESTART|SA_SIGINFO
  *** Handler was modified!
  *** Expected: javaSignalHandler in libjvm.so, mask=11100100110111111111111111111110, flags=SA_RESTART|SA_SIGINFO
   SIGTRAP: crash_handler in libjvm.so, mask=11100100010111111101111111111110, flags=SA_RESTART|SA_SIGINFO


---------------  S Y S T E M  ---------------

OS:
DISTRIB_ID=Ubuntu
DISTRIB_RELEASE=20.04
DISTRIB_CODENAME=focal
DISTRIB_DESCRIPTION="Ubuntu 20.04.2 LTS"
uname: Linux 6.2.0-1014-gcp #14~22.04.1-Ubuntu SMP Mon Sep 11 07:44:43 UTC 2023 x86_64
OS uptime: 0 days 10:27 hours
libc: glibc 2.35 NPTL 2.35 
rlimit (soft/hard): STACK 8192k/infinity , CORE infinity/infinity , NPROC infinity/infinity , NOFILE 5242/5242 , AS infinity/infinity , CPU infinity/infinity , DATA infinity/infinity , FSIZE infinity/infinity , MEMLOCK 8192k/8192k
load average: 34.72 26.86 25.91

/proc/meminfo:
MemTotal:       65835940 kB
MemFree:        23703088 kB
MemAvailable:   35937136 kB
Buffers:         1043872 kB
Cached:         10546780 kB
SwapCached:            0 kB
Active:          4940668 kB
Inactive:       34756880 kB
Active(anon):      20316 kB
Inactive(anon): 27590516 kB
Active(file):    4920352 kB
Inactive(file):  7166364 kB
Unevictable:       28728 kB
Mlocked:           28728 kB
SwapTotal:             0 kB
SwapFree:              0 kB
Zswap:                 0 kB
Zswapped:              0 kB
Dirty:              4492 kB
Writeback:             0 kB
AnonPages:      26664436 kB
Mapped:          1265156 kB
Shmem:             25816 kB
KReclaimable:     980280 kB
Slab:            1540800 kB
SReclaimable:     980280 kB
SUnreclaim:       560520 kB
KernelStack:      184160 kB
PageTables:       331188 kB
SecPageTables:         0 kB
NFS_Unstable:          0 kB
Bounce:                0 kB
WritebackTmp:          0 kB
CommitLimit:    32917968 kB
Committed_AS:   73608504 kB
VmallocTotal:   34359738367 kB
VmallocUsed:      217924 kB
VmallocChunk:          0 kB
Percpu:            32640 kB
HardwareCorrupted:     0 kB
AnonHugePages:   4071424 kB
ShmemHugePages:        0 kB
ShmemPmdMapped:        0 kB
FileHugePages:         0 kB
FilePmdMapped:         0 kB
HugePages_Total:       0
HugePages_Free:        0
HugePages_Rsvd:        0
HugePages_Surp:        0
Hugepagesize:       2048 kB
Hugetlb:               0 kB
DirectMap4k:      725816 kB
DirectMap2M:    55894016 kB
DirectMap1G:    12582912 kB

/sys/kernel/mm/transparent_hugepage/enabled: always [madvise] never
/sys/kernel/mm/transparent_hugepage/defrag (defrag/compaction efforts parameter): always defer defer+madvise [madvise] never

Process Memory:
Virtual Size: 4788312K (peak: 4874044K)
Resident Set Size: 722980K (peak: 789816K) (anon: 551828K, file: 171152K, shmem: 0K)
Swapped out: 0K
C-Heap outstanding allocations: 43579K, retained: 12688K
glibc malloc tunables: (default)

/proc/sys/kernel/threads-max (system-wide limit on the number of threads): 514277
/proc/sys/vm/max_map_count (maximum number of memory map areas a process may have): 65530
/proc/sys/kernel/pid_max (system-wide limit on number of process identifiers): 4194304

container (cgroup) information:
container_type: cgroupv2
cpu_cpuset_cpus: not supported
cpu_memory_nodes: not supported
active_processor_count: 1
cpu_quota: 50000
cpu_period: 100000
cpu_shares: no shares
memory_limit_in_bytes: 1048576 k
memory_and_swap_limit_in_bytes: unlimited
memory_soft_limit_in_bytes: 524288 k
memory_usage_in_bytes: 598380 k
memory_max_usage_in_bytes: not supported
maximum number of tasks: not supported
current number of tasks: not supported

KVM virtualization detected
Steal ticks since vm start: 1030
Steal ticks percentage since vm start:  0.001

CPU: total 8 (initial active 1) (4 cores per cpu, 2 threads per core) family 6 model 79 stepping 0 microcode 0xffffffff, cx8, cmov, fxsr, ht, mmx, 3dnowpref, sse, sse2, sse3, ssse3, sse4.1, sse4.2, popcnt, lzcnt, tsc, tscinvbit, avx, avx2, aes, erms, clmul, bmi1, bmi2, rtm, adx, fma, vzeroupper, clflush, hv
CPU Model and flags from /proc/cpuinfo:
model name	: Intel(R) Xeon(R) CPU @ 2.20GHz
flags		: fpu vme de pse tsc msr pae mce cx8 apic sep mtrr pge mca cmov pat pse36 clflush mmx fxsr sse sse2 ss ht syscall nx pdpe1gb rdtscp lm constant_tsc rep_good nopl xtopology nonstop_tsc cpuid tsc_known_freq pni pclmulqdq ssse3 fma cx16 pcid sse4_1 sse4_2 x2apic movbe popcnt aes xsave avx f16c rdrand hypervisor lahf_lm abm 3dnowprefetch invpcid_single pti ssbd ibrs ibpb stibp fsgsbase tsc_adjust bmi1 hle avx2 smep bmi2 erms invpcid rtm rdseed adx smap xsaveopt arat md_clear arch_capabilities

Online cpus: 0-7
Offline cpus: 
BIOS frequency limitation: <Not Available>
Frequency switch latency (ns): <Not Available>
Available cpu frequencies: <Not Available>
Current governor: <Not Available>
Core performance/turbo boost: <Not Available>

Memory: 4k page, physical 1048576k(450184k free), swap 0k(0k free)
Page Sizes: 4k

vm_info: OpenJDK 64-Bit Server VM (17.0.5+8-jvmci-22.3-b08) for linux-amd64 JRE (17.0.5+8-jvmci-22.3-b08), built on Oct 19 2022 09:01:27 by "buildslave" with gcc 10.3.0

END.
